1583388964.716323|xw|disable|
1583388964.717110|xw|disable & dismiss touch bar|
1583388964.723468|xw|adapting icon state global 1 perApp 0 clip 0|
1583388965.390012|xw|enable|
1583388965.424104|xw|adapting icon state global 0 perApp 0 clip 0|
1583388967.415758|xw|disable|
1583388967.416810|xw|disable & dismiss touch bar|
1583388967.421749|xw|adapting icon state global 1 perApp 0 clip 0|
1583388967.944660|xw|enable|
1583388967.977223|xw|adapting icon state global 0 perApp 0 clip 0|
1583388970.860184|xw|disable|
1583388970.863712|xw|disable & dismiss touch bar|
1583388970.867775|xw|adapting icon state global 1 perApp 0 clip 0|
1583388972.064744|xw|enable|
1583388972.096735|xw|adapting icon state global 0 perApp 0 clip 0|
1583388974.163393|xw|disable|
1583388974.164054|xw|disable & dismiss touch bar|
1583388974.167119|xw|adapting icon state global 1 perApp 0 clip 0|
1583388974.915211|xw|enable|
1583388974.961666|xw|adapting icon state global 0 perApp 0 clip 0|
1583389589.660452|xw|disable|
1583389589.661151|xw|disable & dismiss touch bar|
1583389589.671350|xw|adapting icon state global 1 perApp 0 clip 0|
1583389590.051101|xw|enable|
1583389590.082523|xw|adapting icon state global 0 perApp 0 clip 0|
1583389590.254464|xw|disable|
1583389590.254989|xw|disable & dismiss touch bar|
1583389590.259295|xw|adapting icon state global 1 perApp 0 clip 0|
1583389590.685941|xw|enable|
1583389590.717880|xw|adapting icon state global 0 perApp 0 clip 0|
1583389615.014911|WISNA|Focus doesn't match window pid|
1583390846.088618|SWI|PID MISMATCH FIX|
1583391170.072601|SWI|PID MISMATCH FIX|
1583392056.755723|SWI|PID MISMATCH FIX|
1583392152.110097|SWI|PID MISMATCH FIX|
1583392341.787910|xw|disable|
1583392341.788555|xw|disable & dismiss touch bar|
1583392341.798406|xw|adapting icon state global 1 perApp 0 clip 0|
1583392342.130536|xw|enable|
1583392342.165747|xw|adapting icon state global 0 perApp 0 clip 0|
1583392342.799730|xw|disable|
1583392342.801286|xw|disable & dismiss touch bar|
1583392342.806797|xw|adapting icon state global 1 perApp 0 clip 0|
1583392343.163822|xw|enable|
1583392343.193716|xw|adapting icon state global 0 perApp 0 clip 0|
1583392512.987534|xw|disable|
1583392512.988560|xw|disable & dismiss touch bar|
1583392512.994221|xw|adapting icon state global 1 perApp 0 clip 0|
1583392513.354545|xw|enable|
1583392513.389750|xw|adapting icon state global 0 perApp 0 clip 0|
1583392564.730082|xw|disable|
1583392564.730627|xw|disable & dismiss touch bar|
1583392564.735075|xw|adapting icon state global 1 perApp 0 clip 0|
1583392566.223974|xw|enable|
1583392566.257152|xw|adapting icon state global 0 perApp 0 clip 0|
1583393270.717796|xw|disable|
1583393270.719327|xw|disable & dismiss touch bar|
1583393270.724782|xw|adapting icon state global 1 perApp 0 clip 0|
1583393271.098606|xw|enable|
1583393271.130100|xw|adapting icon state global 0 perApp 0 clip 0|
1583393414.269454|SWI|PID MISMATCH FIX|
1583393657.506986|xw|disable|
1583393657.507805|xw|disable & dismiss touch bar|
1583393657.514814|xw|adapting icon state global 1 perApp 0 clip 0|
1583393658.241633|xw|enable|
1583393658.278046|xw|adapting icon state global 0 perApp 0 clip 0|
1583394104.668920|WISNA|Focus doesn't match window pid|
1583394104.983250|WISNA|Focus doesn't match window pid|
1583394110.688606|xw|disable|
1583394110.689192|xw|disable & dismiss touch bar|
1583394110.697013|xw|adapting icon state global 1 perApp 0 clip 0|
1583394111.224061|xw|enable|
1583394111.257995|xw|adapting icon state global 0 perApp 0 clip 0|
1583394114.832460|ASL|reenabled|
1583395324.116927|SLEEP|WILLSLEEP|
1583395328.056363|SWI|PID MISMATCH FIX|
1583395330.927160|SWI|PID MISMATCH FIX|
1583395332.060032|SWI|PID MISMATCH FIX|
1583395334.667149|SWI|PID MISMATCH FIX|
1583395336.358150|SWI|PID MISMATCH FIX|
1583395338.924451|SWI|PID MISMATCH FIX|
1583395340.915895|SWI|PID MISMATCH FIX|
1583395342.418507|SWI|PID MISMATCH FIX|
1583395344.918681|SWI|PID MISMATCH FIX|
1583395346.916332|SWI|PID MISMATCH FIX|
1583395348.417888|SWI|PID MISMATCH FIX|
1583395350.818415|SWI|PID MISMATCH FIX|
1583395352.919756|SWI|PID MISMATCH FIX|
1583395354.916532|SWI|PID MISMATCH FIX|
1583395356.919334|SWI|PID MISMATCH FIX|
1583395358.900624|SWI|PID MISMATCH FIX|
1583398569.005004|SWI|PID MISMATCH FIX|
1583398570.329825|SWI|PID MISMATCH FIX|
1583398572.176937|SWI|PID MISMATCH FIX|
1583398574.242892|SWI|PID MISMATCH FIX|
1583398576.734403|SWI|PID MISMATCH FIX|
1583398578.736967|SWI|PID MISMATCH FIX|
1583398579.573102|SWI|PID MISMATCH FIX|
1583398581.438204|lic|newest date 2018-04-30 05:33:59 +0000|
1583398581.438370|lic|lict 16973469-chre33d9df9a9eb-5561352b58|
1583398582.490748|SWI|PID MISMATCH FIX|
1583398584.509139|SWI|PID MISMATCH FIX|
1583398585.996787|SWI|PID MISMATCH FIX|
1583398587.996941|SWI|PID MISMATCH FIX|
1583398589.968128|SWI|PID MISMATCH FIX|
1583398592.496859|SWI|PID MISMATCH FIX|
1583398594.218272|SWI|PID MISMATCH FIX|
1583398595.794229|SWI|PID MISMATCH FIX|
1583398597.809740|SWI|PID MISMATCH FIX|
1583398600.186590|SWI|PID MISMATCH FIX|
1583398602.486910|SWI|PID MISMATCH FIX|
1583398603.996034|SWI|PID MISMATCH FIX|
1583398606.009404|SWI|PID MISMATCH FIX|
1583398608.488614|SWI|PID MISMATCH FIX|
1583399698.004903|SWI|PID MISMATCH FIX|
1583399701.674768|LAUNCH|DIDLaunch START|
1583399701.908312|SYS|Running on macOS: 10.14.6|
1583399701.908672|SYS|BTT Version: 3.346|
1583399701.908792|SYS|Device: MacBookPro13,2|
1583399702.389018|usage|loading todays usage|
1583399702.590968|short|init|
1583399703.858292|KEY|keyboard Error Domain=NSMachErrorDomain Code=-536870203 "(iokit/common) exclusive access and device already open" UserInfo={reportingLine=201, reportingMethod=-[DDHidDevice openWithOptions:], reportingFile=/Users/andi/Xcode/BetterTouchTool/BetterTouchTool/DDHidDevice.m, origin=(*mDeviceInterface)->open(mDeviceInterface, options)}|
1583399703.870990|STORE|The store already exists in udefs|
1583399703.871210|xw|the new store already exists btt_data_store.version_3_346_build_1554|
1583399704.165997|LIC|idate 2019-04-30 09:40:46 +0000|
1583399704.186855|LIC|closing previous instance of BetterTouchTool relaunch|
1583399704.202842|LIC|license appears to be valid|
1583399704.204481|LIC|license dictionary {
    CheckoutName = "\U8061 \U9234\U6728";
    Email = "info@satrex.jp";
    LicenseType = "paddle_lifetime";
    Licenses = 1;
    Name = "SATOSHI SUZUKI";
    OrderID = d803f431a43d20521b60329116aba2ab;
    Product = BetterTouchTool;
    Signature = <5cd5b7e4 c385f0d0 dc430883 6278ebfa 1a1c8adb ca54c579 d4f911bb c71b1e0b 1d114528 c1177201 61ffaa4e e294087a c24aa4aa cb0068d1 8eead80c 9d123b5c 2ec35515 5f18c5c3 14127b4b f1e306d5 8b67949a dca42621 61c6bd2c 3856dde6 24344b68 3709bf8a c85eb82c 84530a83 1f05c269 bc2c84ad a0afd86a 4b1b2ea5>;
    Timestamp = 1525066439;
    TransactionID = "16973469-chre33d9df9a9eb-5561352b58";
}|
1583399704.204555|LIC|systemdate 2018-04-30 05:33:59 +0000|
1583399704.204570|LIC|using date 1525066439|
1583399704.204614|lic|newest date 2018-04-30 05:33:59 +0000|
1583399704.204626|lic|lict 16973469-chre33d9df9a9eb-5561352b58|
1583399704.209914|lic|newest date 2018-04-30 05:33:59 +0000|
1583399704.209958|lic|lict 16973469-chre33d9df9a9eb-5561352b58|
1583399704.210513|LIC|License is valid for this version|
1583399704.281541|lic|newest date 2018-04-30 05:33:59 +0000|
1583399704.281572|lic|lict 16973469-chre33d9df9a9eb-5561352b58|
1583399704.313884|lic|newest date 2018-04-30 05:33:59 +0000|
1583399704.313915|lic|lict 16973469-chre33d9df9a9eb-5561352b58|
1583399704.483241|xw|is trusted|
1583399704.528765|short|call sharedInstance4|
1583399704.539418|SEC|SecureInputActive com.apple.loginwindow 127|
1583399705.024741|TB|touchbar screen size {1085, 30}|
1583399705.036527|M|mt_stop10|
1583399708.855091|lic|newest date 2018-04-30 05:33:59 +0000|
1583399708.855128|lic|lict 16973469-chre33d9df9a9eb-5561352b58|
1583399708.868621|START|TB VISIBLE 0|
1583399708.868649|START|TB FORCED HIDDEN 1|
1583399708.887486|LAUNCH|DIDLaunch END frontmostApp: com.apple.loginwindow, touchpadMode 0, windowSnappingDisabled 0, singleFingerScrollingDisabled 0, mmScrollingUsed 0, tpScrollingUsed 0, tpPinchUsed 1, tpRotateUsed 1|
1583399708.974494|TB|Force show Touch Bar|
1583399709.036690|SEC|SecureInputDisabled com.apple.loginwindow|
1583399712.346890|KEY|keyboard Error Domain=NSMachErrorDomain Code=-536870203 "(iokit/common) exclusive access and device already open" UserInfo={reportingLine=201, reportingMethod=-[DDHidDevice openWithOptions:], reportingFile=/Users/andi/Xcode/BetterTouchTool/BetterTouchTool/DDHidDevice.m, origin=(*mDeviceInterface)->open(mDeviceInterface, options)}|
1583399713.234675|KEY|keyboard Error Domain=NSMachErrorDomain Code=-536870203 "(iokit/common) exclusive access and device already open" UserInfo={reportingLine=201, reportingMethod=-[DDHidDevice openWithOptions:], reportingFile=/Users/andi/Xcode/BetterTouchTool/BetterTouchTool/DDHidDevice.m, origin=(*mDeviceInterface)->open(mDeviceInterface, options)}|
1583399713.958430|KEY|keyboard Error Domain=NSMachErrorDomain Code=-536870203 "(iokit/common) exclusive access and device already open" UserInfo={reportingLine=201, reportingMethod=-[DDHidDevice openWithOptions:], reportingFile=/Users/andi/Xcode/BetterTouchTool/BetterTouchTool/DDHidDevice.m, origin=(*mDeviceInterface)->open(mDeviceInterface, options)}|
1583399714.020714|script|init|
1583399714.023180|NAMED|jstest|
1583399714.055020|lic|newest date 2018-04-30 05:33:59 +0000|
1583399714.055084|lic|lict 16973469-chre33d9df9a9eb-5561352b58|
1583399714.058930|TB|Force show Touch Bar|
1583399714.064460|M|register touchbar mbp trackpad|
1583399714.065147|STDEV|68|
1583399714.113166|M|mt_stop2|
1583399714.113430|short|eventtap success|
1583399714.114264|TB|PresentationMode functionKeys {
    app = functionKeys;
    appWithControlStrip = functionKeys;
    fullControlStrip = app;
    functionKeys = fullControlStrip;
}|
1583399714.774926|ASL|Bonjour Service Published: domain(local.) type(_bttremote._tcp.) name(Joan) port(62518)|
1583399714.789911|M|unregister magic trackpad 2|
1583399714.793715|M|register touchbar mbp trackpad|
1583399714.793950|STDEV|68|
1583399714.805808|SLEEP|FORCESHOWAFTERSLEEP3B|
1583399714.805881|TB|Force show Touch Bar|
1583400304.302443|lic|newest date 2018-04-30 05:33:59 +0000|
1583400304.302509|lic|lict 16973469-chre33d9df9a9eb-5561352b58|
1583400712.842687|xw|disable|
1583400712.843400|xw|disable & dismiss touch bar|
1583400712.851719|xw|adapting icon state global 1 perApp 0 clip 0|
1583400713.335617|xw|enable|
1583400713.352430|xw|adapting icon state global 0 perApp 0 clip 0|
1583401278.278580|SLEEP|WILLSLEEP|
1583401281.027287|SWI|PID MISMATCH FIX|
1583401283.508263|SWI|PID MISMATCH FIX|
1583401285.106736|SWI|PID MISMATCH FIX|
1583401287.068342|SWI|PID MISMATCH FIX|
1583401289.506229|SWI|PID MISMATCH FIX|
1583401291.508708|SWI|PID MISMATCH FIX|
1583401292.568563|SWI|PID MISMATCH FIX|
1583401295.128915|SWI|PID MISMATCH FIX|
1583401297.508840|SWI|PID MISMATCH FIX|
1583401299.507062|SWI|PID MISMATCH FIX|
1583401301.526769|SWI|PID MISMATCH FIX|
1583401303.509038|SWI|PID MISMATCH FIX|
1583401305.028505|SWI|PID MISMATCH FIX|
1583401307.528689|SWI|PID MISMATCH FIX|
1583401309.008541|SWI|PID MISMATCH FIX|
1583401311.007861|SWI|PID MISMATCH FIX|
1583404914.007291|SWI|PID MISMATCH FIX|
1583404915.878810|LAUNCH|DIDLaunch START|
1583404916.044419|SYS|Running on macOS: 10.14.6|
1583404916.044478|SYS|BTT Version: 3.346|
1583404916.045079|SYS|Device: MacBookPro13,2|
1583404916.351370|usage|loading todays usage|
1583404916.396413|short|init|
1583404918.209587|KEY|keyboard Error Domain=NSMachErrorDomain Code=-536870203 "(iokit/common) exclusive access and device already open" UserInfo={reportingLine=201, reportingMethod=-[DDHidDevice openWithOptions:], reportingFile=/Users/andi/Xcode/BetterTouchTool/BetterTouchTool/DDHidDevice.m, origin=(*mDeviceInterface)->open(mDeviceInterface, options)}|
1583404918.228502|STORE|The store already exists in udefs|
1583404918.228931|xw|the new store already exists btt_data_store.version_3_346_build_1554|
1583404918.454831|LIC|idate 2019-04-30 09:40:46 +0000|
1583404918.532957|LIC|closing previous instance of BetterTouchTool relaunch|
1583404918.567156|LIC|license appears to be valid|
1583404918.570988|LIC|license dictionary {
    CheckoutName = "\U8061 \U9234\U6728";
    Email = "info@satrex.jp";
    LicenseType = "paddle_lifetime";
    Licenses = 1;
    Name = "SATOSHI SUZUKI";
    OrderID = d803f431a43d20521b60329116aba2ab;
    Product = BetterTouchTool;
    Signature = <5cd5b7e4 c385f0d0 dc430883 6278ebfa 1a1c8adb ca54c579 d4f911bb c71b1e0b 1d114528 c1177201 61ffaa4e e294087a c24aa4aa cb0068d1 8eead80c 9d123b5c 2ec35515 5f18c5c3 14127b4b f1e306d5 8b67949a dca42621 61c6bd2c 3856dde6 24344b68 3709bf8a c85eb82c 84530a83 1f05c269 bc2c84ad a0afd86a 4b1b2ea5>;
    Timestamp = 1525066439;
    TransactionID = "16973469-chre33d9df9a9eb-5561352b58";
}|
1583404918.571163|LIC|systemdate 2018-04-30 05:33:59 +0000|
1583404918.571206|LIC|using date 1525066439|
1583404918.571344|lic|newest date 2018-04-30 05:33:59 +0000|
1583404918.571378|lic|lict 16973469-chre33d9df9a9eb-5561352b58|
1583404918.584740|lic|newest date 2018-04-30 05:33:59 +0000|
1583404918.584816|lic|lict 16973469-chre33d9df9a9eb-5561352b58|
1583404918.585603|LIC|License is valid for this version|
1583404918.618151|lic|newest date 2018-04-30 05:33:59 +0000|
1583404918.618218|lic|lict 16973469-chre33d9df9a9eb-5561352b58|
1583404918.722758|xw|is trusted|
1583404918.788624|short|call sharedInstance4|
1583404919.413683|TB|touchbar screen size {0, 0}|
1583404919.427004|M|mt_stop10|
1583404923.195667|lic|newest date 2018-04-30 05:33:59 +0000|
1583404923.195748|lic|lict 16973469-chre33d9df9a9eb-5561352b58|
1583404923.209291|START|TB VISIBLE 0|
1583404923.209364|START|TB FORCED HIDDEN 1|
1583404923.274316|lic|newest date 2018-04-30 05:33:59 +0000|
1583404923.274428|lic|lict 16973469-chre33d9df9a9eb-5561352b58|
1583404923.284063|LAUNCH|DIDLaunch END frontmostApp: com.apple.loginwindow, touchpadMode 0, windowSnappingDisabled 0, singleFingerScrollingDisabled 0, mmScrollingUsed 0, tpScrollingUsed 0, tpPinchUsed 1, tpRotateUsed 1|
1583405998.090405|KEY|keyboard Error Domain=NSMachErrorDomain Code=268435459 "(ipc/send) invalid destination port" UserInfo={reportingLine=201, reportingMethod=-[DDHidDevice openWithOptions:], reportingFile=/Users/andi/Xcode/BetterTouchTool/BetterTouchTool/DDHidDevice.m, origin=(*mDeviceInterface)->open(mDeviceInterface, options)}|
1583406003.088160|LAUNCH|DIDLaunch START|
1583406003.130071|SYS|Running on macOS: 10.14.6|
1583406003.130155|SYS|BTT Version: 3.346|
1583406003.130201|SYS|Device: MacBookPro13,2|
1583406003.336829|usage|loading todays usage|
1583406003.370323|short|init|
1583406004.630050|KEY|keyboard Error Domain=NSMachErrorDomain Code=-536870203 "(iokit/common) exclusive access and device already open" UserInfo={reportingLine=201, reportingMethod=-[DDHidDevice openWithOptions:], reportingFile=/Users/andi/Xcode/BetterTouchTool/BetterTouchTool/DDHidDevice.m, origin=(*mDeviceInterface)->open(mDeviceInterface, options)}|
1583406004.642319|STORE|The store already exists in udefs|
1583406004.642514|xw|the new store already exists btt_data_store.version_3_346_build_1554|
1583406004.836687|LIC|idate 2019-04-30 09:40:46 +0000|
1583406004.914453|LIC|closing previous instance of BetterTouchTool relaunch|
1583406004.940109|LIC|license appears to be valid|
1583406004.942925|LIC|license dictionary {
    CheckoutName = "\U8061 \U9234\U6728";
    Email = "info@satrex.jp";
    LicenseType = "paddle_lifetime";
    Licenses = 1;
    Name = "SATOSHI SUZUKI";
    OrderID = d803f431a43d20521b60329116aba2ab;
    Product = BetterTouchTool;
    Signature = <5cd5b7e4 c385f0d0 dc430883 6278ebfa 1a1c8adb ca54c579 d4f911bb c71b1e0b 1d114528 c1177201 61ffaa4e e294087a c24aa4aa cb0068d1 8eead80c 9d123b5c 2ec35515 5f18c5c3 14127b4b f1e306d5 8b67949a dca42621 61c6bd2c 3856dde6 24344b68 3709bf8a c85eb82c 84530a83 1f05c269 bc2c84ad a0afd86a 4b1b2ea5>;
    Timestamp = 1525066439;
    TransactionID = "16973469-chre33d9df9a9eb-5561352b58";
}|
1583406004.943036|LIC|systemdate 2018-04-30 05:33:59 +0000|
1583406004.943062|LIC|using date 1525066439|
1583406004.943110|lic|newest date 2018-04-30 05:33:59 +0000|
1583406004.943125|lic|lict 16973469-chre33d9df9a9eb-5561352b58|
1583406004.951740|lic|newest date 2018-04-30 05:33:59 +0000|
1583406004.951862|lic|lict 16973469-chre33d9df9a9eb-5561352b58|
1583406004.953467|LIC|License is valid for this version|
1583406004.990230|lic|newest date 2018-04-30 05:33:59 +0000|
1583406004.990275|lic|lict 16973469-chre33d9df9a9eb-5561352b58|
1583406005.319264|xw|is trusted|
1583406005.361739|short|call sharedInstance4|
1583406005.372935|SEC|SecureInputActive com.apple.loginwindow 127|
1583406007.988333|TB|touchbar screen size {1085, 30}|
1583406008.004025|M|mt_stop10|
1583406011.023111|lic|newest date 2018-04-30 05:33:59 +0000|
1583406011.023154|lic|lict 16973469-chre33d9df9a9eb-5561352b58|
1583406011.029343|START|TB VISIBLE 0|
1583406011.029395|START|TB FORCED HIDDEN 1|
1583406011.063075|lic|newest date 2018-04-30 05:33:59 +0000|
1583406011.063110|lic|lict 16973469-chre33d9df9a9eb-5561352b58|
1583406011.072525|LAUNCH|DIDLaunch END frontmostApp: com.apple.loginwindow, touchpadMode 0, windowSnappingDisabled 0, singleFingerScrollingDisabled 0, mmScrollingUsed 0, tpScrollingUsed 0, tpPinchUsed 1, tpRotateUsed 1|
1583406011.194933|TB|Force show Touch Bar|
1583406012.707645|SEC|SecureInputDisabled com.apple.loginwindow|
1583406015.466783|KEY|keyboard Error Domain=NSMachErrorDomain Code=-536870203 "(iokit/common) exclusive access and device already open" UserInfo={reportingLine=201, reportingMethod=-[DDHidDevice openWithOptions:], reportingFile=/Users/andi/Xcode/BetterTouchTool/BetterTouchTool/DDHidDevice.m, origin=(*mDeviceInterface)->open(mDeviceInterface, options)}|
1583406016.646702|KEY|keyboard Error Domain=NSMachErrorDomain Code=-536870203 "(iokit/common) exclusive access and device already open" UserInfo={reportingLine=201, reportingMethod=-[DDHidDevice openWithOptions:], reportingFile=/Users/andi/Xcode/BetterTouchTool/BetterTouchTool/DDHidDevice.m, origin=(*mDeviceInterface)->open(mDeviceInterface, options)}|
1583406017.399998|KEY|keyboard Error Domain=NSMachErrorDomain Code=-536870203 "(iokit/common) exclusive access and device already open" UserInfo={reportingLine=201, reportingMethod=-[DDHidDevice openWithOptions:], reportingFile=/Users/andi/Xcode/BetterTouchTool/BetterTouchTool/DDHidDevice.m, origin=(*mDeviceInterface)->open(mDeviceInterface, options)}|
1583406017.632371|script|init|
1583406017.633041|NAMED|jstest|
1583406017.658960|lic|newest date 2018-04-30 05:33:59 +0000|
1583406017.659084|lic|lict 16973469-chre33d9df9a9eb-5561352b58|
1583406017.702029|M|mt_stop2|
1583406017.702570|TB|PresentationMode functionKeys {
    app = functionKeys;
    appWithControlStrip = functionKeys;
    fullControlStrip = app;
    functionKeys = fullControlStrip;
}|
1583406017.722271|lic|newest date 2018-04-30 05:33:59 +0000|
1583406017.722295|lic|lict 16973469-chre33d9df9a9eb-5561352b58|
1583406017.722523|TB|Force show Touch Bar|
1583406017.724484|M|register touchbar mbp trackpad|
1583406017.724737|STDEV|68|
1583406017.734749|short|eventtap success|
1583406018.186832|SLEEP|FORCESHOWAFTERSLEEP3B|
1583406018.186869|TB|Force show Touch Bar|
1583406018.188338|M|unregister magic trackpad 2|
1583406018.192516|M|register touchbar mbp trackpad|
1583406018.192739|STDEV|68|
1583406018.402263|ASL|Bonjour Service Published: domain(local.) type(_bttremote._tcp.) name(Joan) port(62518)|
1583406607.082182|lic|newest date 2018-04-30 05:33:59 +0000|
1583406607.082272|lic|lict 16973469-chre33d9df9a9eb-5561352b58|
1583407523.251807|c00|4|
1583409183.195607|TB|Force show Touch Bar|
1583409243.836443|xw|shell script contains error and crashes BTT|
1583409243.864707|xw|interrupt reply|
1583410107.165272|SEC|SecureInputActive com.apple.loginwindow 127|
1583410125.332695|SEC|SecureInputDisabled com.apple.loginwindow|
1583410126.399313|SWI|PID MISMATCH FIX|
1583410126.399861|TB|Force show Touch Bar|
1583410155.418474|c00|4|
1583411183.083289|c00|5|
1583411690.328533|xw|shell script contains error and crashes BTT|
1583411690.353396|xw|interrupt reply|
1583411763.294646|xw|shell script contains error and crashes BTT|
1583411763.314830|xw|interrupt reply|
1583412870.089267|TB|Force show Touch Bar|
1583413512.806188|SLEEP|WILLSLEEP|
1583413533.232036|SWI|PID MISMATCH FIX|
1583413534.712888|SWI|PID MISMATCH FIX|
1583416479.002743|SWI|PID MISMATCH FIX|
1583416480.094033|lic|newest date 2018-04-30 05:33:59 +0000|
1583416480.094056|lic|lict 16973469-chre33d9df9a9eb-5561352b58|
1583416481.037475|SWI|PID MISMATCH FIX|
1583416482.575917|SWI|PID MISMATCH FIX|
1583416484.572212|SWI|PID MISMATCH FIX|
1583416487.086351|SWI|PID MISMATCH FIX|
1583416488.385321|SWI|PID MISMATCH FIX|
1583419008.032864|SWI|PID MISMATCH FIX|
1583419009.480945|SWI|PID MISMATCH FIX|
1583419009.556904|lic|newest date 2018-04-30 05:33:59 +0000|
1583419009.556929|lic|lict 16973469-chre33d9df9a9eb-5561352b58|
1583419012.188806|SWI|PID MISMATCH FIX|
1583419013.408662|SWI|PID MISMATCH FIX|
1583419016.190341|SWI|PID MISMATCH FIX|
1583419018.230285|SWI|PID MISMATCH FIX|
1583454519.006657|SWI|PID MISMATCH FIX|
1583454521.437560|LAUNCH|DIDLaunch START|
1583454521.477822|SYS|Running on macOS: 10.14.6|
1583454521.477923|SYS|BTT Version: 3.346|
1583454521.477985|SYS|Device: MacBookPro13,2|
1583454522.135812|usage|loading todays usage|
1583454522.182600|short|init|
1583454524.137567|KEY|keyboard Error Domain=NSMachErrorDomain Code=-536870203 "(iokit/common) exclusive access and device already open" UserInfo={reportingLine=201, reportingMethod=-[DDHidDevice openWithOptions:], reportingFile=/Users/andi/Xcode/BetterTouchTool/BetterTouchTool/DDHidDevice.m, origin=(*mDeviceInterface)->open(mDeviceInterface, options)}|
1583454524.150470|STORE|The store already exists in udefs|
1583454524.150829|xw|the new store already exists btt_data_store.version_3_346_build_1554|
1583454524.318401|LIC|idate 2019-04-30 09:40:46 +0000|
1583454524.338801|LIC|closing previous instance of BetterTouchTool relaunch|
1583454524.615374|LIC|license appears to be valid|
1583454524.617141|LIC|license dictionary {
    CheckoutName = "\U8061 \U9234\U6728";
    Email = "info@satrex.jp";
    LicenseType = "paddle_lifetime";
    Licenses = 1;
    Name = "SATOSHI SUZUKI";
    OrderID = d803f431a43d20521b60329116aba2ab;
    Product = BetterTouchTool;
    Signature = <5cd5b7e4 c385f0d0 dc430883 6278ebfa 1a1c8adb ca54c579 d4f911bb c71b1e0b 1d114528 c1177201 61ffaa4e e294087a c24aa4aa cb0068d1 8eead80c 9d123b5c 2ec35515 5f18c5c3 14127b4b f1e306d5 8b67949a dca42621 61c6bd2c 3856dde6 24344b68 3709bf8a c85eb82c 84530a83 1f05c269 bc2c84ad a0afd86a 4b1b2ea5>;
    Timestamp = 1525066439;
    TransactionID = "16973469-chre33d9df9a9eb-5561352b58";
}|
1583454524.617232|LIC|systemdate 2018-04-30 05:33:59 +0000|
1583454524.617253|LIC|using date 1525066439|
1583454524.617309|lic|newest date 2018-04-30 05:33:59 +0000|
1583454524.617324|lic|lict 16973469-chre33d9df9a9eb-5561352b58|
1583454524.621833|lic|newest date 2018-04-30 05:33:59 +0000|
1583454524.621863|lic|lict 16973469-chre33d9df9a9eb-5561352b58|
1583454524.622195|LIC|License is valid for this version|
1583454524.639473|lic|newest date 2018-04-30 05:33:59 +0000|
1583454524.639527|lic|lict 16973469-chre33d9df9a9eb-5561352b58|
1583454524.748585|xw|is trusted|
1583454525.067321|short|call sharedInstance4|
1583454525.355901|TB|touchbar screen size {1085, 30}|
1583454525.365166|M|mt_stop10|
1583454528.503348|lic|newest date 2018-04-30 05:33:59 +0000|
1583454528.503391|lic|lict 16973469-chre33d9df9a9eb-5561352b58|
1583454528.508712|START|TB VISIBLE 0|
1583454528.508759|START|TB FORCED HIDDEN 1|
1583454528.527268|lic|newest date 2018-04-30 05:33:59 +0000|
1583454528.527298|lic|lict 16973469-chre33d9df9a9eb-5561352b58|
1583454528.533754|LAUNCH|DIDLaunch END frontmostApp: com.google.Chrome, touchpadMode 0, windowSnappingDisabled 0, singleFingerScrollingDisabled 0, mmScrollingUsed 0, tpScrollingUsed 0, tpPinchUsed 1, tpRotateUsed 1|
1583454537.671063|KEY|keyboard Error Domain=NSMachErrorDomain Code=-536870203 "(iokit/common) exclusive access and device already open" UserInfo={reportingLine=201, reportingMethod=-[DDHidDevice openWithOptions:], reportingFile=/Users/andi/Xcode/BetterTouchTool/BetterTouchTool/DDHidDevice.m, origin=(*mDeviceInterface)->open(mDeviceInterface, options)}|
1583454539.117450|KEY|keyboard Error Domain=NSMachErrorDomain Code=-536870203 "(iokit/common) exclusive access and device already open" UserInfo={reportingLine=201, reportingMethod=-[DDHidDevice openWithOptions:], reportingFile=/Users/andi/Xcode/BetterTouchTool/BetterTouchTool/DDHidDevice.m, origin=(*mDeviceInterface)->open(mDeviceInterface, options)}|
1583454541.402802|KEY|keyboard Error Domain=NSMachErrorDomain Code=-536870203 "(iokit/common) exclusive access and device already open" UserInfo={reportingLine=201, reportingMethod=-[DDHidDevice openWithOptions:], reportingFile=/Users/andi/Xcode/BetterTouchTool/BetterTouchTool/DDHidDevice.m, origin=(*mDeviceInterface)->open(mDeviceInterface, options)}|
1583454541.628227|script|init|
1583454541.628322|NAMED|jstest|
1583454541.657240|lic|newest date 2018-04-30 05:33:59 +0000|
1583454541.657278|lic|lict 16973469-chre33d9df9a9eb-5561352b58|
1583454541.660618|TB|Force show Touch Bar|
1583454541.662870|M|register touchbar mbp trackpad|
1583454541.663211|STDEV|68|
1583454543.746230|M|mt_stop2|
1583454543.746424|short|eventtap success|
1583454543.748883|TB|PresentationMode functionKeys {
    app = functionKeys;
    appWithControlStrip = functionKeys;
    fullControlStrip = app;
    functionKeys = fullControlStrip;
}|
1583454544.310973|short|eventtap success|
1583454544.341740|lic|newest date 2018-04-30 05:33:59 +0000|
1583454544.341762|lic|lict 16973469-chre33d9df9a9eb-5561352b58|
1583454544.347278|short|eventtap success|
1583454544.453271|c00|4|
1583454544.453472|ASL|Bonjour Service Published: domain(local.) type(_bttremote._tcp.) name(Joan) port(62518)|
1583454544.981300|SLEEP|FORCESHOWAFTERSLEEP3B|
1583454544.981360|TB|Force show Touch Bar|
1583454544.982836|M|unregister magic trackpad 2|
1583454544.986036|M|register touchbar mbp trackpad|
1583454544.986236|STDEV|68|
1583454545.073051|WISNA|Focus doesn't match window pid|
1583454563.057021|short|eventtap success|
1583455126.405395|lic|newest date 2018-04-30 05:33:59 +0000|
1583455126.405429|lic|lict 16973469-chre33d9df9a9eb-5561352b58|
1583455469.050588|lic|newest date 2018-04-30 05:33:59 +0000|
1583455469.050614|lic|lict 16973469-chre33d9df9a9eb-5561352b58|
1583456478.407624|WISNA|Focus doesn't match window pid|
1583457240.042584|xw|disable|
1583457240.043394|xw|disable & dismiss touch bar|
1583457240.048540|xw|adapting icon state global 1 perApp 0 clip 0|
1583457240.532388|xw|enable|
1583457240.550356|xw|adapting icon state global 0 perApp 0 clip 0|
1583457262.481535|xw|disable|
1583457262.482612|xw|disable & dismiss touch bar|
1583457262.487374|xw|adapting icon state global 1 perApp 0 clip 0|
1583457263.516459|xw|enable|
1583457263.532395|xw|adapting icon state global 0 perApp 0 clip 0|
1583458344.476718|SWI|PID MISMATCH FIX|
1583458744.738886|SEC|SecureInputActive com.google.Chrome 446|
1583458748.257765|SEC|SecureInputDisabled com.google.Chrome|
1583458811.999344|SWI|PID MISMATCH FIX|
1583458869.838980|SWI|PID MISMATCH FIX|
1583458910.734204|xw|disable|
1583458910.734810|xw|disable & dismiss touch bar|
1583458910.741000|xw|adapting icon state global 1 perApp 0 clip 0|
1583458911.152225|xw|enable|
1583458911.168035|xw|adapting icon state global 0 perApp 0 clip 0|
1583458912.786642|xw|disable|
1583458912.787843|xw|disable & dismiss touch bar|
1583458912.791266|xw|adapting icon state global 1 perApp 0 clip 0|
1583458913.108725|xw|enable|
1583458913.123934|xw|adapting icon state global 0 perApp 0 clip 0|
1583459385.537276|xw|disable|
1583459385.538047|xw|disable & dismiss touch bar|
1583459385.544505|xw|adapting icon state global 1 perApp 0 clip 0|
1583459385.691150|xw|enable|
1583459385.706545|xw|adapting icon state global 0 perApp 0 clip 0|
1583459386.342313|xw|disable|
1583459386.342918|xw|disable & dismiss touch bar|
1583459386.345137|xw|adapting icon state global 1 perApp 0 clip 0|
1583459386.531510|xw|enable|
1583459386.546719|xw|adapting icon state global 0 perApp 0 clip 0|
1583459390.520223|xw|disable|
1583459390.521251|xw|disable & dismiss touch bar|
1583459390.524967|xw|adapting icon state global 1 perApp 0 clip 0|
1583459391.669800|xw|enable|
1583459391.681442|xw|adapting icon state global 0 perApp 0 clip 0|
1583459393.326163|xw|disable|
1583459393.327245|xw|disable & dismiss touch bar|
1583459393.331231|xw|adapting icon state global 1 perApp 0 clip 0|
1583459394.007631|xw|enable|
1583459394.023699|xw|adapting icon state global 0 perApp 0 clip 0|
1583459397.533217|xw|disable|
1583459397.533769|xw|disable & dismiss touch bar|
1583459397.535926|xw|adapting icon state global 1 perApp 0 clip 0|
1583459398.165666|xw|enable|
1583459398.180894|xw|adapting icon state global 0 perApp 0 clip 0|
1583460420.067767|SWI|PID MISMATCH FIX|
1583462452.026032|xw|disable|
1583462452.026373|xw|disable & dismiss touch bar|
1583462452.032585|xw|adapting icon state global 1 perApp 0 clip 0|
1583462452.508597|xw|enable|
1583462452.525782|xw|adapting icon state global 0 perApp 0 clip 0|
1583462553.060300|xw|disable|
1583462553.061268|xw|disable & dismiss touch bar|
1583462553.066688|xw|adapting icon state global 1 perApp 0 clip 0|
1583462553.518306|xw|enable|
1583462553.535689|xw|adapting icon state global 0 perApp 0 clip 0|
1583462572.861962|xw|disable|
1583462572.865569|xw|disable & dismiss touch bar|
1583462572.868786|xw|adapting icon state global 1 perApp 0 clip 0|
1583462573.480265|xw|enable|
1583462573.495824|xw|adapting icon state global 0 perApp 0 clip 0|
1583462624.771356|xw|disable|
1583462624.772314|xw|disable & dismiss touch bar|
1583462624.776486|xw|adapting icon state global 1 perApp 0 clip 0|
1583462625.681822|xw|enable|
1583462625.697917|xw|adapting icon state global 0 perApp 0 clip 0|
1583462645.948595|xw|disable|
1583462645.949660|xw|disable & dismiss touch bar|
1583462645.954380|xw|adapting icon state global 1 perApp 0 clip 0|
1583462646.299375|xw|enable|
1583462646.315423|xw|adapting icon state global 0 perApp 0 clip 0|
1583462717.003368|xw|disable|
1583462717.003978|xw|disable & dismiss touch bar|
1583462717.006962|xw|adapting icon state global 1 perApp 0 clip 0|
1583462717.593789|xw|enable|
1583462717.610861|xw|adapting icon state global 0 perApp 0 clip 0|
1583462720.140980|xw|disable|
1583462720.141880|xw|disable & dismiss touch bar|
1583462720.146086|xw|adapting icon state global 1 perApp 0 clip 0|
1583462720.948117|xw|enable|
1583462720.964068|xw|adapting icon state global 0 perApp 0 clip 0|
1583463428.690348|ASL|reenabled|
1583463814.412166|SWI|PID MISMATCH FIX|
1583463871.013994|WISNA|Focus doesn't match window pid|
1583463982.932981|SLEEP|WILLSLEEP|
1583463985.845312|SWI|PID MISMATCH FIX|
1583463988.747969|SWI|PID MISMATCH FIX|
1583463990.749342|SWI|PID MISMATCH FIX|
1583463992.747319|SWI|PID MISMATCH FIX|
1583463994.750177|SWI|PID MISMATCH FIX|
1583463996.370086|SWI|PID MISMATCH FIX|
1583463998.250877|SWI|PID MISMATCH FIX|
1583464000.507996|SWI|PID MISMATCH FIX|
1583464001.848633|SWI|PID MISMATCH FIX|
1583464004.250582|SWI|PID MISMATCH FIX|
1583464006.754620|SWI|PID MISMATCH FIX|
1583464008.750132|SWI|PID MISMATCH FIX|
1583464010.251992|SWI|PID MISMATCH FIX|
1583464012.752350|SWI|PID MISMATCH FIX|
1583464013.952090|SWI|PID MISMATCH FIX|
1583464016.252244|SWI|PID MISMATCH FIX|
1583464018.253451|SWI|PID MISMATCH FIX|
1583464043.611241|SWI|PID MISMATCH FIX|
1583464045.549418|SWI|PID MISMATCH FIX|
1583464046.948305|SWI|PID MISMATCH FIX|
1583464049.750792|SWI|PID MISMATCH FIX|
1583464049.836065|lic|newest date 2018-04-30 05:33:59 +0000|
1583464049.836092|lic|lict 16973469-chre33d9df9a9eb-5561352b58|
1583464051.649788|SWI|PID MISMATCH FIX|
1583464054.147519|SWI|PID MISMATCH FIX|
1583464056.149343|SWI|PID MISMATCH FIX|
1583464057.649455|SWI|PID MISMATCH FIX|
1583464059.888866|SWI|PID MISMATCH FIX|
1583464061.736175|SWI|PID MISMATCH FIX|
1583464063.249729|SWI|PID MISMATCH FIX|
1583464065.171149|SWI|PID MISMATCH FIX|
1583464068.145979|SWI|PID MISMATCH FIX|
1583464069.645795|SWI|PID MISMATCH FIX|
1583464071.786604|SWI|PID MISMATCH FIX|
1583464073.628992|SWI|PID MISMATCH FIX|
1583464075.629041|SWI|PID MISMATCH FIX|
1583464077.895705|SWI|PID MISMATCH FIX|
1583464320.003637|SWI|PID MISMATCH FIX|
1583464321.850734|WAKE|DIDWAKE|
1583464322.435230|SEC|SecureInputActive com.apple.loginwindow 127|
1583464322.446135|WAKE|DIDWAKE2|
1583464322.448018|WAKE|NO RESTART|
1583464322.448044|WAKE|EVENTHANDLER RESET|
1583464322.487863|M|mt_stop2|
1583464322.506891|lic|newest date 2018-04-30 05:33:59 +0000|
1583464322.506917|lic|lict 16973469-chre33d9df9a9eb-5561352b58|
1583464322.531963|M|unregister magic trackpad 2|
1583464322.534813|M|register touchbar mbp trackpad|
1583464322.535053|STDEV|68|
1583464322.556017|TB|Force show Touch Bar|
1583464324.007255|LOGIN|SHOULD RESTART AFTER APP CHANGE|
1583464324.028955|TB|Force show Touch Bar|
1583464324.052792|SEC|SecureInputDisabled com.apple.loginwindow|
1583464326.468300|SLEEP|WILLSLEEP|
1583464330.201067|SWI|PID MISMATCH FIX|
1583464332.747423|SWI|PID MISMATCH FIX|
1583464332.792270|lic|newest date 2018-04-30 05:33:59 +0000|
1583464332.792297|lic|lict 16973469-chre33d9df9a9eb-5561352b58|
1583464334.265233|SWI|PID MISMATCH FIX|
1583464336.249773|SWI|PID MISMATCH FIX|
1583464338.149806|SWI|PID MISMATCH FIX|
1583464340.267378|SWI|PID MISMATCH FIX|
1583464342.222555|SWI|PID MISMATCH FIX|
1583464344.767056|SWI|PID MISMATCH FIX|
1583464346.265291|SWI|PID MISMATCH FIX|
1583464348.765853|SWI|PID MISMATCH FIX|
1583464350.765738|SWI|PID MISMATCH FIX|
1583464352.265516|SWI|PID MISMATCH FIX|
1583464354.465462|SWI|PID MISMATCH FIX|
1583464356.766319|SWI|PID MISMATCH FIX|
1583464358.767225|SWI|PID MISMATCH FIX|
1583464359.776125|SWI|PID MISMATCH FIX|
1583464359.945426|WAKE|DIDWAKE|
1583464359.997669|SEC|SecureInputActive com.apple.loginwindow 127|
1583464360.006784|WAKE|DIDWAKE2|
1583464360.007033|WAKE|NO RESTART|
1583464360.007066|WAKE|EVENTHANDLER RESET|
1583464360.011950|M|mt_stop2|
1583464360.027643|lic|newest date 2018-04-30 05:33:59 +0000|
1583464360.027665|lic|lict 16973469-chre33d9df9a9eb-5561352b58|
1583464360.040050|M|unregister magic trackpad 2|
1583464360.042191|M|register touchbar mbp trackpad|
1583464360.042636|STDEV|68|
1583464360.053864|TB|Force show Touch Bar|
1583464369.658254|LOGIN|SHOULD RESTART AFTER APP CHANGE|
1583464369.681421|TB|Force show Touch Bar|
1583464369.934183|SEC|SecureInputDisabled com.apple.loginwindow|
1583465658.115083|SLEEP|WILLSLEEP|
1583465662.771413|SWI|PID MISMATCH FIX|
1583465664.775680|SWI|PID MISMATCH FIX|
1583465666.277494|SWI|PID MISMATCH FIX|
1583465668.781323|SWI|PID MISMATCH FIX|
1583465670.784214|SWI|PID MISMATCH FIX|
1583465672.285542|SWI|PID MISMATCH FIX|
1583465674.280713|SWI|PID MISMATCH FIX|
1583465675.987205|SWI|PID MISMATCH FIX|
1583465678.414957|SWI|PID MISMATCH FIX|
1583467606.004836|SWI|PID MISMATCH FIX|
1583467607.049151|SWI|PID MISMATCH FIX|
1583467608.551156|SWI|PID MISMATCH FIX|
1583467611.059935|SWI|PID MISMATCH FIX|
1583467613.058363|SWI|PID MISMATCH FIX|
1583467614.559424|SWI|PID MISMATCH FIX|
1583467616.119422|SWI|PID MISMATCH FIX|
1583467619.059778|SWI|PID MISMATCH FIX|
1583467620.323830|SWI|PID MISMATCH FIX|
1583467623.059141|SWI|PID MISMATCH FIX|
1583467624.386856|SWI|PID MISMATCH FIX|
1583467626.237183|SWI|PID MISMATCH FIX|
1583467629.067846|SWI|PID MISMATCH FIX|
1583467630.768873|SWI|PID MISMATCH FIX|
1583467632.559614|SWI|PID MISMATCH FIX|
1583467634.260549|SWI|PID MISMATCH FIX|
1583467636.260203|SWI|PID MISMATCH FIX|
1583467638.560373|SWI|PID MISMATCH FIX|
1583467641.066118|SWI|PID MISMATCH FIX|
1583467643.045929|SWI|PID MISMATCH FIX|
1583467644.561187|SWI|PID MISMATCH FIX|
1583467646.763671|SWI|PID MISMATCH FIX|
1583467649.063775|SWI|PID MISMATCH FIX|
1583467650.563963|SWI|PID MISMATCH FIX|
1583467653.064043|SWI|PID MISMATCH FIX|
1583467655.063949|SWI|PID MISMATCH FIX|
1583467656.564178|SWI|PID MISMATCH FIX|
1583469981.003587|SWI|PID MISMATCH FIX|
1583469983.285640|SWI|PID MISMATCH FIX|
1583469985.505557|SWI|PID MISMATCH FIX|
1583469987.787786|SWI|PID MISMATCH FIX|
1583469989.797496|SWI|PID MISMATCH FIX|
1583469991.794171|SWI|PID MISMATCH FIX|
1583469993.192052|SWI|PID MISMATCH FIX|
1583469994.916138|SWI|PID MISMATCH FIX|
1583469997.119378|SWI|PID MISMATCH FIX|
1583469998.939216|SWI|PID MISMATCH FIX|
1583470001.308507|SWI|PID MISMATCH FIX|
1583470003.555578|SWI|PID MISMATCH FIX|
1583470005.808394|SWI|PID MISMATCH FIX|
1583470007.801826|SWI|PID MISMATCH FIX|
1583470009.811802|SWI|PID MISMATCH FIX|
1583470011.802366|SWI|PID MISMATCH FIX|
1583470013.301093|SWI|PID MISMATCH FIX|
1583470015.303499|SWI|PID MISMATCH FIX|
1583470017.810146|SWI|PID MISMATCH FIX|
1583470019.304556|SWI|PID MISMATCH FIX|
1583470021.804811|SWI|PID MISMATCH FIX|
1583470023.804423|SWI|PID MISMATCH FIX|
1583470025.305750|SWI|PID MISMATCH FIX|
1583470027.803527|SWI|PID MISMATCH FIX|
1583470029.805648|SWI|PID MISMATCH FIX|
1583470031.309630|SWI|PID MISMATCH FIX|
1583473656.003241|SWI|PID MISMATCH FIX|
1583473658.545046|SWI|PID MISMATCH FIX|
1583473660.545752|SWI|PID MISMATCH FIX|
1583473662.150426|SWI|PID MISMATCH FIX|
1583473663.053397|lic|newest date 2018-04-30 05:33:59 +0000|
1583473663.053424|lic|lict 16973469-chre33d9df9a9eb-5561352b58|
1583473665.230485|SWI|PID MISMATCH FIX|
1583473667.230633|SWI|PID MISMATCH FIX|
1583473669.218895|SWI|PID MISMATCH FIX|
1583473670.733582|SWI|PID MISMATCH FIX|
1583473672.752430|SWI|PID MISMATCH FIX|
1583473674.366086|SWI|PID MISMATCH FIX|
1583473676.396569|SWI|PID MISMATCH FIX|
1583473679.170425|SWI|PID MISMATCH FIX|
1583473680.989971|SWI|PID MISMATCH FIX|
1583473682.732895|SWI|PID MISMATCH FIX|
1583473685.231069|SWI|PID MISMATCH FIX|
1583473686.562184|SWI|PID MISMATCH FIX|
1583473688.615075|SWI|PID MISMATCH FIX|
1583473690.714913|SWI|PID MISMATCH FIX|
1583473693.231622|SWI|PID MISMATCH FIX|
1583473694.733646|SWI|PID MISMATCH FIX|
1583473697.239453|SWI|PID MISMATCH FIX|
1583473699.231323|SWI|PID MISMATCH FIX|
1583473700.315798|SWI|PID MISMATCH FIX|
1583473703.232328|SWI|PID MISMATCH FIX|
1583473705.233981|SWI|PID MISMATCH FIX|
1583473707.132121|SWI|PID MISMATCH FIX|
1583473709.192062|SWI|PID MISMATCH FIX|
1583478153.313653|SWI|PID MISMATCH FIX|
1583478154.449559|SWI|PID MISMATCH FIX|
1583478154.557268|lic|newest date 2018-04-30 05:33:59 +0000|
1583478154.557289|lic|lict 16973469-chre33d9df9a9eb-5561352b58|
1583478156.136741|LAUNCH|DIDLaunch START|
1583478156.175647|SYS|Running on macOS: 10.14.6|
1583478156.175688|SYS|BTT Version: 3.346|
1583478156.175739|SYS|Device: MacBookPro13,2|
1583478156.292533|usage|loading todays usage|
1583478156.315621|short|init|
1583478156.762620|KEY|keyboard Error Domain=NSMachErrorDomain Code=-536870203 "(iokit/common) exclusive access and device already open" UserInfo={reportingLine=201, reportingMethod=-[DDHidDevice openWithOptions:], reportingFile=/Users/andi/Xcode/BetterTouchTool/BetterTouchTool/DDHidDevice.m, origin=(*mDeviceInterface)->open(mDeviceInterface, options)}|
1583478156.774190|STORE|The store already exists in udefs|
1583478156.774526|xw|the new store already exists btt_data_store.version_3_346_build_1554|
1583478156.921525|LIC|idate 2019-04-30 09:40:46 +0000|
1583478156.937955|LIC|closing previous instance of BetterTouchTool relaunch|
1583478156.949826|LIC|license appears to be valid|
1583478156.951337|LIC|license dictionary {
    CheckoutName = "\U8061 \U9234\U6728";
    Email = "info@satrex.jp";
    LicenseType = "paddle_lifetime";
    Licenses = 1;
    Name = "SATOSHI SUZUKI";
    OrderID = d803f431a43d20521b60329116aba2ab;
    Product = BetterTouchTool;
    Signature = <5cd5b7e4 c385f0d0 dc430883 6278ebfa 1a1c8adb ca54c579 d4f911bb c71b1e0b 1d114528 c1177201 61ffaa4e e294087a c24aa4aa cb0068d1 8eead80c 9d123b5c 2ec35515 5f18c5c3 14127b4b f1e306d5 8b67949a dca42621 61c6bd2c 3856dde6 24344b68 3709bf8a c85eb82c 84530a83 1f05c269 bc2c84ad a0afd86a 4b1b2ea5>;
    Timestamp = 1525066439;
    TransactionID = "16973469-chre33d9df9a9eb-5561352b58";
}|
1583478156.951416|LIC|systemdate 2018-04-30 05:33:59 +0000|
1583478156.951432|LIC|using date 1525066439|
1583478156.951483|lic|newest date 2018-04-30 05:33:59 +0000|
1583478156.951497|lic|lict 16973469-chre33d9df9a9eb-5561352b58|
1583478156.956144|lic|newest date 2018-04-30 05:33:59 +0000|
1583478156.956173|lic|lict 16973469-chre33d9df9a9eb-5561352b58|
1583478156.956417|LIC|License is valid for this version|
1583478156.973691|lic|newest date 2018-04-30 05:33:59 +0000|
1583478156.973761|lic|lict 16973469-chre33d9df9a9eb-5561352b58|
1583478157.044502|xw|is trusted|
1583478157.081082|short|call sharedInstance4|
1583478157.209513|TB|touchbar screen size {0, 0}|
1583478157.214417|M|mt_stop10|
1583478158.573409|lic|newest date 2018-04-30 05:33:59 +0000|
1583478158.573456|lic|lict 16973469-chre33d9df9a9eb-5561352b58|
1583478158.577931|START|TB VISIBLE 1|
1583478158.577969|START|TB FORCED HIDDEN 0|
1583478158.596867|lic|newest date 2018-04-30 05:33:59 +0000|
1583478158.596898|lic|lict 16973469-chre33d9df9a9eb-5561352b58|
1583478158.601531|LAUNCH|DIDLaunch END frontmostApp: com.apple.loginwindow, touchpadMode 0, windowSnappingDisabled 0, singleFingerScrollingDisabled 0, mmScrollingUsed 0, tpScrollingUsed 0, tpPinchUsed 1, tpRotateUsed 1|
1583478159.076798|KEY|keyboard Error Domain=NSMachErrorDomain Code=-536870203 "(iokit/common) exclusive access and device already open" UserInfo={reportingLine=201, reportingMethod=-[DDHidDevice openWithOptions:], reportingFile=/Users/andi/Xcode/BetterTouchTool/BetterTouchTool/DDHidDevice.m, origin=(*mDeviceInterface)->open(mDeviceInterface, options)}|
1583478159.536662|KEY|keyboard Error Domain=NSMachErrorDomain Code=-536870203 "(iokit/common) exclusive access and device already open" UserInfo={reportingLine=201, reportingMethod=-[DDHidDevice openWithOptions:], reportingFile=/Users/andi/Xcode/BetterTouchTool/BetterTouchTool/DDHidDevice.m, origin=(*mDeviceInterface)->open(mDeviceInterface, options)}|
1583478160.153773|KEY|keyboard Error Domain=NSMachErrorDomain Code=-536870203 "(iokit/common) exclusive access and device already open" UserInfo={reportingLine=201, reportingMethod=-[DDHidDevice openWithOptions:], reportingFile=/Users/andi/Xcode/BetterTouchTool/BetterTouchTool/DDHidDevice.m, origin=(*mDeviceInterface)->open(mDeviceInterface, options)}|
1583478160.177263|script|init|
1583478160.177944|NAMED|jstest|
1583478160.201133|lic|newest date 2018-04-30 05:33:59 +0000|
1583478160.201157|lic|lict 16973469-chre33d9df9a9eb-5561352b58|
1583478160.201375|SLEEP|FORCESHOWAFTERSLEEP2|
1583478160.232597|TB|Force show Touch Bar|
1583478160.235088|M|register touchbar mbp trackpad|
1583478160.237567|STDEV|68|
1583478160.250807|short|eventtap success|
1583478161.257459|M|mt_stop2|
1583478161.257914|TB|PresentationMode functionKeys {
    app = functionKeys;
    appWithControlStrip = functionKeys;
    fullControlStrip = app;
    functionKeys = fullControlStrip;
}|
1583478161.545597|ASL|Bonjour Service Published: domain(local.) type(_bttremote._tcp.) name(Joan) port(62518)|
1583478161.859504|SLEEP|FORCESHOWAFTERSLEEP3A|
1583478161.861345|M|unregister magic trackpad 2|
1583478161.863219|M|register touchbar mbp trackpad|
1583478161.863403|STDEV|68|
1583478161.913931|TB|Force show Touch Bar|
1583478162.060316|xw|disabling touch for internal trackpad (clamshell)|
1583479362.176509|LAUNCH|DIDLaunch START|
1583479362.342579|SYS|Running on macOS: 10.14.6|
1583479362.342677|SYS|BTT Version: 3.346|
1583479362.342727|SYS|Device: MacBookPro13,2|
1583479362.842221|usage|loading todays usage|
1583479362.872166|short|init|
1583479364.373880|KEY|keyboard Error Domain=NSMachErrorDomain Code=-536870203 "(iokit/common) exclusive access and device already open" UserInfo={reportingLine=201, reportingMethod=-[DDHidDevice openWithOptions:], reportingFile=/Users/andi/Xcode/BetterTouchTool/BetterTouchTool/DDHidDevice.m, origin=(*mDeviceInterface)->open(mDeviceInterface, options)}|
1583479364.383206|STORE|The store already exists in udefs|
1583479364.383500|xw|the new store already exists btt_data_store.version_3_346_build_1554|
1583479364.786465|LIC|idate 2019-04-30 09:40:46 +0000|
1583479364.936665|LIC|closing previous instance of BetterTouchTool relaunch|
1583479364.984052|LIC|license appears to be valid|
1583479364.997832|LIC|license dictionary {
    CheckoutName = "\U8061 \U9234\U6728";
    Email = "info@satrex.jp";
    LicenseType = "paddle_lifetime";
    Licenses = 1;
    Name = "SATOSHI SUZUKI";
    OrderID = d803f431a43d20521b60329116aba2ab;
    Product = BetterTouchTool;
    Signature = <5cd5b7e4 c385f0d0 dc430883 6278ebfa 1a1c8adb ca54c579 d4f911bb c71b1e0b 1d114528 c1177201 61ffaa4e e294087a c24aa4aa cb0068d1 8eead80c 9d123b5c 2ec35515 5f18c5c3 14127b4b f1e306d5 8b67949a dca42621 61c6bd2c 3856dde6 24344b68 3709bf8a c85eb82c 84530a83 1f05c269 bc2c84ad a0afd86a 4b1b2ea5>;
    Timestamp = 1525066439;
    TransactionID = "16973469-chre33d9df9a9eb-5561352b58";
}|
1583479364.997934|LIC|systemdate 2018-04-30 05:33:59 +0000|
1583479364.997956|LIC|using date 1525066439|
1583479364.998011|lic|newest date 2018-04-30 05:33:59 +0000|
1583479364.998027|lic|lict 16973469-chre33d9df9a9eb-5561352b58|
1583479365.005555|lic|newest date 2018-04-30 05:33:59 +0000|
1583479365.005588|lic|lict 16973469-chre33d9df9a9eb-5561352b58|
1583479365.005974|LIC|License is valid for this version|
1583479365.019445|lic|newest date 2018-04-30 05:33:59 +0000|
1583479365.019475|lic|lict 16973469-chre33d9df9a9eb-5561352b58|
1583479365.046299|lic|newest date 2018-04-30 05:33:59 +0000|
1583479365.046354|lic|lict 16973469-chre33d9df9a9eb-5561352b58|
1583479365.224630|xw|is trusted|
1583479365.259884|short|call sharedInstance4|
1583479365.460391|TB|touchbar screen size {1085, 30}|
1583479365.467650|M|mt_stop10|
1583479367.711205|lic|newest date 2018-04-30 05:33:59 +0000|
1583479367.711235|lic|lict 16973469-chre33d9df9a9eb-5561352b58|
1583479367.716895|START|TB VISIBLE 1|
1583479367.716932|START|TB FORCED HIDDEN 0|
1583479367.726939|LAUNCH|DIDLaunch END frontmostApp: com.google.Chrome, touchpadMode 0, windowSnappingDisabled 0, singleFingerScrollingDisabled 0, mmScrollingUsed 0, tpScrollingUsed 0, tpPinchUsed 1, tpRotateUsed 1|
1583479368.716339|KEY|keyboard Error Domain=NSMachErrorDomain Code=-536870203 "(iokit/common) exclusive access and device already open" UserInfo={reportingLine=201, reportingMethod=-[DDHidDevice openWithOptions:], reportingFile=/Users/andi/Xcode/BetterTouchTool/BetterTouchTool/DDHidDevice.m, origin=(*mDeviceInterface)->open(mDeviceInterface, options)}|
1583479369.392315|KEY|keyboard Error Domain=NSMachErrorDomain Code=-536870203 "(iokit/common) exclusive access and device already open" UserInfo={reportingLine=201, reportingMethod=-[DDHidDevice openWithOptions:], reportingFile=/Users/andi/Xcode/BetterTouchTool/BetterTouchTool/DDHidDevice.m, origin=(*mDeviceInterface)->open(mDeviceInterface, options)}|
1583479370.012840|KEY|keyboard Error Domain=NSMachErrorDomain Code=-536870203 "(iokit/common) exclusive access and device already open" UserInfo={reportingLine=201, reportingMethod=-[DDHidDevice openWithOptions:], reportingFile=/Users/andi/Xcode/BetterTouchTool/BetterTouchTool/DDHidDevice.m, origin=(*mDeviceInterface)->open(mDeviceInterface, options)}|
1583479370.060559|lic|newest date 2018-04-30 05:33:59 +0000|
1583479370.060692|lic|lict 16973469-chre33d9df9a9eb-5561352b58|
1583479370.085067|script|init|
1583479370.085232|NAMED|jstest|
1583479370.111007|lic|newest date 2018-04-30 05:33:59 +0000|
1583479370.111053|lic|lict 16973469-chre33d9df9a9eb-5561352b58|
1583479370.111340|SLEEP|FORCESHOWAFTERSLEEP2|
1583479370.195947|TB|Force show Touch Bar|
1583479370.197222|M|register touchbar mbp trackpad|
1583479370.197453|STDEV|68|
1583479372.664444|short|eventtap success|
1583479372.665949|M|mt_stop2|
1583479372.666359|TB|PresentationMode functionKeys {
    app = functionKeys;
    appWithControlStrip = functionKeys;
    fullControlStrip = app;
    functionKeys = fullControlStrip;
}|
1583479372.968842|ASL|Bonjour Service Published: domain(local.) type(_bttremote._tcp.) name(Joan) port(62518)|
1583479373.205471|SLEEP|FORCESHOWAFTERSLEEP3A|
1583479373.207173|M|unregister magic trackpad 2|
1583479373.211686|M|register touchbar mbp trackpad|
1583479373.211909|STDEV|68|
1583479373.223311|TB|Force show Touch Bar|
1583479373.393388|c00|4|
1583479966.278297|lic|newest date 2018-04-30 05:33:59 +0000|
1583479966.278359|lic|lict 16973469-chre33d9df9a9eb-5561352b58|
1583480491.746159|SLEEP|WILLSLEEP|
1583480493.744954|SWI|PID MISMATCH FIX|
1583480495.746263|SWI|PID MISMATCH FIX|
1583480498.129453|SWI|PID MISMATCH FIX|
1583480499.730948|SWI|PID MISMATCH FIX|
1583480501.731500|SWI|PID MISMATCH FIX|
1583480503.780501|SWI|PID MISMATCH FIX|
1583480506.279488|SWI|PID MISMATCH FIX|
1583480508.278517|SWI|PID MISMATCH FIX|
1583480509.779510|SWI|PID MISMATCH FIX|
1583480512.280671|SWI|PID MISMATCH FIX|
1583480514.221720|SWI|PID MISMATCH FIX|
1583480597.011935|SWI|PID MISMATCH FIX|
1583480598.785117|SWI|PID MISMATCH FIX|
1583480598.935813|lic|newest date 2018-04-30 05:33:59 +0000|
1583480598.935839|lic|lict 16973469-chre33d9df9a9eb-5561352b58|
1583480601.660086|SWI|PID MISMATCH FIX|
1583480602.733622|SWI|PID MISMATCH FIX|
1583480605.233578|WAKE|DIDWAKE|
1583480605.519477|SEC|SecureInputActive com.apple.loginwindow 127|
1583480605.526821|WAKE|DIDWAKE2|
1583480605.529138|WAKE|NO RESTART|
1583480605.529163|WAKE|EVENTHANDLER RESET|
1583480605.534889|M|mt_stop2|
1583480605.547582|lic|newest date 2018-04-30 05:33:59 +0000|
1583480605.547604|lic|lict 16973469-chre33d9df9a9eb-5561352b58|
1583480605.577364|M|unregister magic trackpad 2|
1583480605.579614|M|register touchbar mbp trackpad|
1583480605.579869|STDEV|68|
1583480605.591938|TB|Force show Touch Bar|
1583480610.992272|LOGIN|SHOULD RESTART AFTER APP CHANGE|
1583480611.032451|TB|Force show Touch Bar|
1583480611.287383|SEC|SecureInputDisabled com.apple.loginwindow|
1583481928.716326|SWI|PID MISMATCH FIX|
1583481931.489668|SWI|PID MISMATCH FIX|
1583482418.138149|SLEEP|WILLSLEEP|
1583482421.653064|SWI|PID MISMATCH FIX|
1583482423.480670|SWI|PID MISMATCH FIX|
1583482425.650293|SWI|PID MISMATCH FIX|
1583482427.151134|SWI|PID MISMATCH FIX|
1583482429.219760|SWI|PID MISMATCH FIX|
1583482431.140575|SWI|PID MISMATCH FIX|
1583482432.858952|SWI|PID MISMATCH FIX|
1583482435.652611|SWI|PID MISMATCH FIX|
1583482437.652919|SWI|PID MISMATCH FIX|
1583482439.150802|SWI|PID MISMATCH FIX|
1583482441.402958|SWI|PID MISMATCH FIX|
1583482443.652501|SWI|PID MISMATCH FIX|
1583482445.153022|SWI|PID MISMATCH FIX|
1583482447.560299|SWI|PID MISMATCH FIX|
1583482449.652570|SWI|PID MISMATCH FIX|
1583482451.152758|SWI|PID MISMATCH FIX|
1583482453.060091|SWI|PID MISMATCH FIX|
1583482665.611823|SWI|PID MISMATCH FIX|
1583482666.559053|LAUNCH|DIDLaunch START|
1583482666.605171|SYS|Running on macOS: 10.14.6|
1583482666.605238|SYS|BTT Version: 3.346|
1583482666.605284|SYS|Device: MacBookPro13,2|
1583482666.726417|usage|loading todays usage|
1583482666.762025|short|init|
1583482667.221010|KEY|keyboard Error Domain=NSMachErrorDomain Code=-536870203 "(iokit/common) exclusive access and device already open" UserInfo={reportingLine=201, reportingMethod=-[DDHidDevice openWithOptions:], reportingFile=/Users/andi/Xcode/BetterTouchTool/BetterTouchTool/DDHidDevice.m, origin=(*mDeviceInterface)->open(mDeviceInterface, options)}|
1583482667.231392|STORE|The store already exists in udefs|
1583482667.231637|xw|the new store already exists btt_data_store.version_3_346_build_1554|
1583482667.349901|LIC|idate 2019-04-30 09:40:46 +0000|
1583482667.362550|LIC|closing previous instance of BetterTouchTool relaunch|
1583482667.382837|LIC|license appears to be valid|
1583482667.384468|LIC|license dictionary {
    CheckoutName = "\U8061 \U9234\U6728";
    Email = "info@satrex.jp";
    LicenseType = "paddle_lifetime";
    Licenses = 1;
    Name = "SATOSHI SUZUKI";
    OrderID = d803f431a43d20521b60329116aba2ab;
    Product = BetterTouchTool;
    Signature = <5cd5b7e4 c385f0d0 dc430883 6278ebfa 1a1c8adb ca54c579 d4f911bb c71b1e0b 1d114528 c1177201 61ffaa4e e294087a c24aa4aa cb0068d1 8eead80c 9d123b5c 2ec35515 5f18c5c3 14127b4b f1e306d5 8b67949a dca42621 61c6bd2c 3856dde6 24344b68 3709bf8a c85eb82c 84530a83 1f05c269 bc2c84ad a0afd86a 4b1b2ea5>;
    Timestamp = 1525066439;
    TransactionID = "16973469-chre33d9df9a9eb-5561352b58";
}|
1583482667.384608|LIC|systemdate 2018-04-30 05:33:59 +0000|
1583482667.384630|LIC|using date 1525066439|
1583482667.384784|lic|newest date 2018-04-30 05:33:59 +0000|
1583482667.384819|lic|lict 16973469-chre33d9df9a9eb-5561352b58|
1583482667.389206|lic|newest date 2018-04-30 05:33:59 +0000|
1583482667.389249|lic|lict 16973469-chre33d9df9a9eb-5561352b58|
1583482667.389552|LIC|License is valid for this version|
1583482667.419223|lic|newest date 2018-04-30 05:33:59 +0000|
1583482667.419254|lic|lict 16973469-chre33d9df9a9eb-5561352b58|
1583482667.464240|xw|is trusted|
1583482667.496996|short|call sharedInstance4|
1583482668.058968|TB|touchbar screen size {0, 0}|
1583482668.064756|M|mt_stop10|
1583482669.425480|lic|newest date 2018-04-30 05:33:59 +0000|
1583482669.425532|lic|lict 16973469-chre33d9df9a9eb-5561352b58|
1583482669.429782|START|TB VISIBLE 1|
1583482669.429821|START|TB FORCED HIDDEN 0|
1583482669.445842|lic|newest date 2018-04-30 05:33:59 +0000|
1583482669.445868|lic|lict 16973469-chre33d9df9a9eb-5561352b58|
1583482669.453698|LAUNCH|DIDLaunch END frontmostApp: com.apple.loginwindow, touchpadMode 0, windowSnappingDisabled 0, singleFingerScrollingDisabled 0, mmScrollingUsed 0, tpScrollingUsed 0, tpPinchUsed 1, tpRotateUsed 1|
1583482669.810362|KEY|keyboard Error Domain=NSMachErrorDomain Code=-536870203 "(iokit/common) exclusive access and device already open" UserInfo={reportingLine=201, reportingMethod=-[DDHidDevice openWithOptions:], reportingFile=/Users/andi/Xcode/BetterTouchTool/BetterTouchTool/DDHidDevice.m, origin=(*mDeviceInterface)->open(mDeviceInterface, options)}|
1583482670.083046|KEY|keyboard Error Domain=NSMachErrorDomain Code=-536870203 "(iokit/common) exclusive access and device already open" UserInfo={reportingLine=201, reportingMethod=-[DDHidDevice openWithOptions:], reportingFile=/Users/andi/Xcode/BetterTouchTool/BetterTouchTool/DDHidDevice.m, origin=(*mDeviceInterface)->open(mDeviceInterface, options)}|
1583482670.385248|KEY|keyboard Error Domain=NSMachErrorDomain Code=-536870203 "(iokit/common) exclusive access and device already open" UserInfo={reportingLine=201, reportingMethod=-[DDHidDevice openWithOptions:], reportingFile=/Users/andi/Xcode/BetterTouchTool/BetterTouchTool/DDHidDevice.m, origin=(*mDeviceInterface)->open(mDeviceInterface, options)}|
1583482670.396835|script|init|
1583482670.396916|NAMED|jstest|
1583482670.411336|lic|newest date 2018-04-30 05:33:59 +0000|
1583482670.411359|lic|lict 16973469-chre33d9df9a9eb-5561352b58|
1583482670.411563|SLEEP|FORCESHOWAFTERSLEEP2|
1583482670.425459|TB|Force show Touch Bar|
1583482670.427420|M|register touchbar mbp trackpad|
1583482670.427618|STDEV|68|
1583482671.535201|M|mt_stop2|
1583482671.535669|TB|PresentationMode functionKeys {
    app = functionKeys;
    appWithControlStrip = functionKeys;
    fullControlStrip = app;
    functionKeys = fullControlStrip;
}|
1583482671.535716|short|eventtap success|
1583482671.827870|ASL|Bonjour Service Published: domain(local.) type(_bttremote._tcp.) name(Joan) port(62518)|
1583482671.948933|SLEEP|FORCESHOWAFTERSLEEP3A|
1583482671.950313|M|unregister magic trackpad 2|
1583482671.953528|M|register touchbar mbp trackpad|
1583482671.953710|STDEV|68|
1583482671.963339|TB|Force show Touch Bar|
1583482673.061189|lic|newest date 2018-04-30 05:33:59 +0000|
1583482673.061215|lic|lict 16973469-chre33d9df9a9eb-5561352b58|
1583482673.105472|xw|disabling touch for internal trackpad (clamshell)|
1583490646.661951|LAUNCH|DIDLaunch START|
1583490646.703059|SYS|Running on macOS: 10.14.6|
1583490646.703153|SYS|BTT Version: 3.346|
1583490646.703205|SYS|Device: MacBookPro13,2|
1583490647.066820|usage|loading todays usage|
1583490647.101465|short|init|
1583490648.336710|KEY|keyboard Error Domain=NSMachErrorDomain Code=-536870203 "(iokit/common) exclusive access and device already open" UserInfo={reportingLine=201, reportingMethod=-[DDHidDevice openWithOptions:], reportingFile=/Users/andi/Xcode/BetterTouchTool/BetterTouchTool/DDHidDevice.m, origin=(*mDeviceInterface)->open(mDeviceInterface, options)}|
1583490648.351966|STORE|The store already exists in udefs|
1583490648.352130|xw|the new store already exists btt_data_store.version_3_346_build_1554|
1583490648.442044|LIC|idate 2019-04-30 09:40:46 +0000|
1583490648.461651|LIC|closing previous instance of BetterTouchTool relaunch|
1583490648.476611|LIC|license appears to be valid|
1583490648.478778|LIC|license dictionary {
    CheckoutName = "\U8061 \U9234\U6728";
    Email = "info@satrex.jp";
    LicenseType = "paddle_lifetime";
    Licenses = 1;
    Name = "SATOSHI SUZUKI";
    OrderID = d803f431a43d20521b60329116aba2ab;
    Product = BetterTouchTool;
    Signature = <5cd5b7e4 c385f0d0 dc430883 6278ebfa 1a1c8adb ca54c579 d4f911bb c71b1e0b 1d114528 c1177201 61ffaa4e e294087a c24aa4aa cb0068d1 8eead80c 9d123b5c 2ec35515 5f18c5c3 14127b4b f1e306d5 8b67949a dca42621 61c6bd2c 3856dde6 24344b68 3709bf8a c85eb82c 84530a83 1f05c269 bc2c84ad a0afd86a 4b1b2ea5>;
    Timestamp = 1525066439;
    TransactionID = "16973469-chre33d9df9a9eb-5561352b58";
}|
1583490648.478867|LIC|systemdate 2018-04-30 05:33:59 +0000|
1583490648.478885|LIC|using date 1525066439|
1583490648.478966|lic|newest date 2018-04-30 05:33:59 +0000|
1583490648.478986|lic|lict 16973469-chre33d9df9a9eb-5561352b58|
1583490648.485542|lic|newest date 2018-04-30 05:33:59 +0000|
1583490648.485587|lic|lict 16973469-chre33d9df9a9eb-5561352b58|
1583490648.485859|LIC|License is valid for this version|
1583490648.501235|lic|newest date 2018-04-30 05:33:59 +0000|
1583490648.501265|lic|lict 16973469-chre33d9df9a9eb-5561352b58|
1583490648.547721|xw|is trusted|
1583490648.628173|short|call sharedInstance4|
1583490648.650370|SEC|SecureInputActive com.apple.loginwindow 127|
1583490649.009642|TB|touchbar screen size {1085, 30}|
1583490649.058926|M|mt_stop10|
1583490650.303202|lic|newest date 2018-04-30 05:33:59 +0000|
1583490650.303326|lic|lict 16973469-chre33d9df9a9eb-5561352b58|
1583490650.308376|START|TB VISIBLE 1|
1583490650.308415|START|TB FORCED HIDDEN 0|
1583490650.336766|lic|newest date 2018-04-30 05:33:59 +0000|
1583490650.336848|lic|lict 16973469-chre33d9df9a9eb-5561352b58|
1583490650.344497|LAUNCH|DIDLaunch END frontmostApp: com.apple.loginwindow, touchpadMode 0, windowSnappingDisabled 0, singleFingerScrollingDisabled 0, mmScrollingUsed 0, tpScrollingUsed 0, tpPinchUsed 1, tpRotateUsed 1|
1583490651.396101|KEY|keyboard Error Domain=NSMachErrorDomain Code=-536870203 "(iokit/common) exclusive access and device already open" UserInfo={reportingLine=201, reportingMethod=-[DDHidDevice openWithOptions:], reportingFile=/Users/andi/Xcode/BetterTouchTool/BetterTouchTool/DDHidDevice.m, origin=(*mDeviceInterface)->open(mDeviceInterface, options)}|
1583490651.802177|KEY|keyboard Error Domain=NSMachErrorDomain Code=-536870203 "(iokit/common) exclusive access and device already open" UserInfo={reportingLine=201, reportingMethod=-[DDHidDevice openWithOptions:], reportingFile=/Users/andi/Xcode/BetterTouchTool/BetterTouchTool/DDHidDevice.m, origin=(*mDeviceInterface)->open(mDeviceInterface, options)}|
1583490652.227896|KEY|keyboard Error Domain=NSMachErrorDomain Code=-536870203 "(iokit/common) exclusive access and device already open" UserInfo={reportingLine=201, reportingMethod=-[DDHidDevice openWithOptions:], reportingFile=/Users/andi/Xcode/BetterTouchTool/BetterTouchTool/DDHidDevice.m, origin=(*mDeviceInterface)->open(mDeviceInterface, options)}|
1583490652.242964|script|init|
1583490652.243097|NAMED|jstest|
1583490652.256687|lic|newest date 2018-04-30 05:33:59 +0000|
1583490652.256709|lic|lict 16973469-chre33d9df9a9eb-5561352b58|
1583490652.256934|SLEEP|FORCESHOWAFTERSLEEP2|
1583490652.272011|TB|Force show Touch Bar|
1583490652.274101|M|register touchbar mbp trackpad|
1583490652.274295|STDEV|68|
1583490653.524751|M|mt_stop2|
1583490653.524912|short|eventtap success|
1583490653.525420|TB|PresentationMode functionKeys {
    app = functionKeys;
    appWithControlStrip = functionKeys;
    fullControlStrip = app;
    functionKeys = fullControlStrip;
}|
1583490653.725241|ASL|Bonjour Service Published: domain(local.) type(_bttremote._tcp.) name(Joan) port(62518)|
1583490653.852245|SLEEP|FORCESHOWAFTERSLEEP3A|
1583490653.855372|M|unregister magic trackpad 2|
1583490653.857420|M|register touchbar mbp trackpad|
1583490653.857627|STDEV|68|
1583490653.867281|TB|Force show Touch Bar|
1583490817.955683|TB|Force show Touch Bar|
1583490818.170332|SEC|SecureInputDisabled com.apple.loginwindow|
1583490946.601764|TB|PresentationMode functionKeys {
    app = functionKeys;
    appWithControlStrip = functionKeys;
    fullControlStrip = app;
    functionKeys = fullControlStrip;
}|
1583491142.640700|SWI|PID MISMATCH FIX|
1583491249.212251|lic|newest date 2018-04-30 05:33:59 +0000|
1583491249.212277|lic|lict 16973469-chre33d9df9a9eb-5561352b58|
1583491353.561651|xw|apple script contains error and crashes BTT|
1583491353.607537|xw|interrupt reply|
1583491405.292449|TB|PresentationMode functionKeys {
    app = functionKeys;
    appWithControlStrip = functionKeys;
    fullControlStrip = app;
    functionKeys = fullControlStrip;
}|
1583491456.666270|SWI|PID MISMATCH FIX|
1583491573.719797|lic|newest date 2018-04-30 05:33:59 +0000|
1583491573.719823|lic|lict 16973469-chre33d9df9a9eb-5561352b58|
1583492418.167208|WISNA|Focus doesn't match window pid|
1583492736.024676|WISNA|Focus doesn't match window pid|
1583499938.462100|SLEEP|WILLSLEEP|
1583499941.469329|SWI|PID MISMATCH FIX|
1583499943.971089|SWI|PID MISMATCH FIX|
1583499945.410799|SWI|PID MISMATCH FIX|
1583499948.289372|SWI|PID MISMATCH FIX|
1583499950.289515|SWI|PID MISMATCH FIX|
1583499952.293085|SWI|PID MISMATCH FIX|
1583499953.787926|SWI|PID MISMATCH FIX|
1583499955.428773|SWI|PID MISMATCH FIX|
1583499958.287432|SWI|PID MISMATCH FIX|
1583499959.789152|SWI|PID MISMATCH FIX|
1583499961.808197|SWI|PID MISMATCH FIX|
1583499964.167823|SWI|PID MISMATCH FIX|
1583499965.788849|SWI|PID MISMATCH FIX|
1583499967.307426|SWI|PID MISMATCH FIX|
1583499970.286368|SWI|PID MISMATCH FIX|
1583499971.786457|SWI|PID MISMATCH FIX|
1583500702.004720|SWI|PID MISMATCH FIX|
1583500702.704442|SWI|PID MISMATCH FIX|
1583500703.922355|WAKE|DIDWAKE|
1583500705.840962|WAKE|DIDWAKE2|
1583500705.845285|WAKE|NO RESTART|
1583500705.845313|WAKE|EVENTHANDLER RESET|
1583500705.949899|ASL|reenabled|
1583500705.952248|M|mt_stop2|
1583500706.222285|lic|newest date 2018-04-30 05:33:59 +0000|
1583500706.222313|lic|lict 16973469-chre33d9df9a9eb-5561352b58|
1583500706.231111|SEC|SecureInputActive com.apple.loginwindow 127|
1583500706.280164|lic|newest date 2018-04-30 05:33:59 +0000|
1583500706.280316|lic|lict 16973469-chre33d9df9a9eb-5561352b58|
1583500706.291160|M|unregister magic trackpad 2|
1583500706.293907|M|register touchbar mbp trackpad|
1583500706.294171|STDEV|68|
1583500706.353579|TB|Force show Touch Bar|
1583500707.211015|SEC|SecureInputDisabled com.apple.loginwindow|
1583500709.014815|SLEEP|WILLSLEEP|
1583529239.503847|LAUNCH|DIDLaunch START|
1583529239.549036|SYS|Running on macOS: 10.14.6|
1583529239.549070|SYS|BTT Version: 3.346|
1583529239.549116|SYS|Device: MacBookPro13,2|
1583529239.671410|usage|loading todays usage|
1583529239.720014|short|init|
1583529240.094450|KEY|keyboard Error Domain=NSMachErrorDomain Code=-536870203 "(iokit/common) exclusive access and device already open" UserInfo={reportingLine=201, reportingMethod=-[DDHidDevice openWithOptions:], reportingFile=/Users/andi/Xcode/BetterTouchTool/BetterTouchTool/DDHidDevice.m, origin=(*mDeviceInterface)->open(mDeviceInterface, options)}|
1583529240.166555|STORE|The store already exists in udefs|
1583529240.166669|xw|the new store already exists btt_data_store.version_3_346_build_1554|
1583529240.220068|LIC|idate 2019-04-30 09:40:46 +0000|
1583529240.263605|LIC|closing previous instance of BetterTouchTool relaunch|
1583529240.276432|LIC|license appears to be valid|
1583529240.278012|LIC|license dictionary {
    CheckoutName = "\U8061 \U9234\U6728";
    Email = "info@satrex.jp";
    LicenseType = "paddle_lifetime";
    Licenses = 1;
    Name = "SATOSHI SUZUKI";
    OrderID = d803f431a43d20521b60329116aba2ab;
    Product = BetterTouchTool;
    Signature = <5cd5b7e4 c385f0d0 dc430883 6278ebfa 1a1c8adb ca54c579 d4f911bb c71b1e0b 1d114528 c1177201 61ffaa4e e294087a c24aa4aa cb0068d1 8eead80c 9d123b5c 2ec35515 5f18c5c3 14127b4b f1e306d5 8b67949a dca42621 61c6bd2c 3856dde6 24344b68 3709bf8a c85eb82c 84530a83 1f05c269 bc2c84ad a0afd86a 4b1b2ea5>;
    Timestamp = 1525066439;
    TransactionID = "16973469-chre33d9df9a9eb-5561352b58";
}|
1583529240.278092|LIC|systemdate 2018-04-30 05:33:59 +0000|
1583529240.278108|LIC|using date 1525066439|
1583529240.278157|lic|newest date 2018-04-30 05:33:59 +0000|
1583529240.278172|lic|lict 16973469-chre33d9df9a9eb-5561352b58|
1583529240.306213|lic|newest date 2018-04-30 05:33:59 +0000|
1583529240.306255|lic|lict 16973469-chre33d9df9a9eb-5561352b58|
1583529240.307588|LIC|License is valid for this version|
1583529240.321072|lic|newest date 2018-04-30 05:33:59 +0000|
1583529240.321098|lic|lict 16973469-chre33d9df9a9eb-5561352b58|
1583529240.389080|xw|is trusted|
1583529240.422062|short|call sharedInstance4|
1583529240.432553|SEC|SecureInputActive com.apple.loginwindow 127|
1583529240.590745|TB|touchbar screen size {0, 0}|
1583529240.596632|M|mt_stop10|
1583529241.698236|lic|newest date 2018-04-30 05:33:59 +0000|
1583529241.698275|lic|lict 16973469-chre33d9df9a9eb-5561352b58|
1583529241.702047|START|TB VISIBLE 1|
1583529241.702075|START|TB FORCED HIDDEN 0|
1583529241.718353|lic|newest date 2018-04-30 05:33:59 +0000|
1583529241.718383|lic|lict 16973469-chre33d9df9a9eb-5561352b58|
1583529241.725877|LAUNCH|DIDLaunch END frontmostApp: com.apple.loginwindow, touchpadMode 0, windowSnappingDisabled 0, singleFingerScrollingDisabled 0, mmScrollingUsed 0, tpScrollingUsed 0, tpPinchUsed 1, tpRotateUsed 1|
1583529242.074636|KEY|keyboard Error Domain=NSMachErrorDomain Code=-536870203 "(iokit/common) exclusive access and device already open" UserInfo={reportingLine=201, reportingMethod=-[DDHidDevice openWithOptions:], reportingFile=/Users/andi/Xcode/BetterTouchTool/BetterTouchTool/DDHidDevice.m, origin=(*mDeviceInterface)->open(mDeviceInterface, options)}|
1583529242.401169|KEY|keyboard Error Domain=NSMachErrorDomain Code=-536870203 "(iokit/common) exclusive access and device already open" UserInfo={reportingLine=201, reportingMethod=-[DDHidDevice openWithOptions:], reportingFile=/Users/andi/Xcode/BetterTouchTool/BetterTouchTool/DDHidDevice.m, origin=(*mDeviceInterface)->open(mDeviceInterface, options)}|
1583529242.740533|KEY|keyboard Error Domain=NSMachErrorDomain Code=-536870203 "(iokit/common) exclusive access and device already open" UserInfo={reportingLine=201, reportingMethod=-[DDHidDevice openWithOptions:], reportingFile=/Users/andi/Xcode/BetterTouchTool/BetterTouchTool/DDHidDevice.m, origin=(*mDeviceInterface)->open(mDeviceInterface, options)}|
1583529242.791294|script|init|
1583529242.791877|NAMED|jstest|
1583529242.805713|lic|newest date 2018-04-30 05:33:59 +0000|
1583529242.805738|lic|lict 16973469-chre33d9df9a9eb-5561352b58|
1583529242.806024|SLEEP|FORCESHOWAFTERSLEEP2|
1583529242.820786|TB|Force show Touch Bar|
1583529242.822825|M|register touchbar mbp trackpad|
1583529242.823015|STDEV|68|
1583529242.838759|short|eventtap success|
1583529243.673096|M|mt_stop2|
1583529243.673737|TB|PresentationMode functionKeys {
    app = functionKeys;
    appWithControlStrip = functionKeys;
    fullControlStrip = app;
    functionKeys = fullControlStrip;
}|
1583529244.219052|SLEEP|FORCESHOWAFTERSLEEP3A|
1583529244.220368|M|unregister magic trackpad 2|
1583529244.225612|M|register touchbar mbp trackpad|
1583529244.225822|STDEV|68|
1583529244.232647|TB|Force show Touch Bar|
1583529244.868259|xw|disabling touch for internal trackpad (clamshell)|
1583529248.712882|lic|newest date 2018-04-30 05:33:59 +0000|
1583529248.712931|lic|lict 16973469-chre33d9df9a9eb-5561352b58|
1583529249.110188|ASL|Bonjour Service Published: domain(local.) type(_bttremote._tcp.) name(Joan) port(62518)|
1583538475.348264|xw|enabling touch for internal trackpad (after clamshell)|
1583538476.136964|TB|Force show Touch Bar|
1583538476.371051|SEC|SecureInputDisabled com.apple.loginwindow|
1583539048.658210|lic|newest date 2018-04-30 05:33:59 +0000|
1583539048.658238|lic|lict 16973469-chre33d9df9a9eb-5561352b58|
1583539300.932961|WISNA|Focus doesn't match window pid|
1583539416.075898|lic|newest date 2018-04-30 05:33:59 +0000|
1583539416.075927|lic|lict 16973469-chre33d9df9a9eb-5561352b58|
1583539456.546102|TB|PresentationMode functionKeys {
    app = functionKeys;
    appWithControlStrip = functionKeys;
    fullControlStrip = app;
    functionKeys = fullControlStrip;
}|
1583539752.121585|WISNA|Focus doesn't match window pid|
1583539793.723163|xw|disabling touch for internal trackpad (clamshell)|
1583539793.730706|SLEEP|WILLSLEEP|
1583539797.522810|SWI|PID MISMATCH FIX|
1583539799.505250|SWI|PID MISMATCH FIX|
1583539801.925266|SWI|PID MISMATCH FIX|
1583539803.585408|SWI|PID MISMATCH FIX|
1583539805.826694|SWI|PID MISMATCH FIX|
1583539807.343782|SWI|PID MISMATCH FIX|
1583539809.635374|SWI|PID MISMATCH FIX|
1583539812.124275|SWI|PID MISMATCH FIX|
1583544075.003496|SWI|PID MISMATCH FIX|
1583544075.303105|SWI|PID MISMATCH FIX|
1583544078.000171|LAUNCH|DIDLaunch START|
1583544078.063952|SYS|Running on macOS: 10.14.6|
1583544078.064028|SYS|BTT Version: 3.346|
1583544078.064075|SYS|Device: MacBookPro13,2|
1583544078.345414|usage|loading todays usage|
1583544078.425180|short|init|
1583544079.433766|KEY|keyboard Error Domain=NSMachErrorDomain Code=-536870203 "(iokit/common) exclusive access and device already open" UserInfo={reportingLine=201, reportingMethod=-[DDHidDevice openWithOptions:], reportingFile=/Users/andi/Xcode/BetterTouchTool/BetterTouchTool/DDHidDevice.m, origin=(*mDeviceInterface)->open(mDeviceInterface, options)}|
1583544079.450343|STORE|The store already exists in udefs|
1583544079.450529|xw|the new store already exists btt_data_store.version_3_346_build_1554|
1583544079.584862|LIC|idate 2019-04-30 09:40:46 +0000|
1583544079.611530|LIC|closing previous instance of BetterTouchTool relaunch|
1583544079.625547|LIC|license appears to be valid|
1583544079.628998|LIC|license dictionary {
    CheckoutName = "\U8061 \U9234\U6728";
    Email = "info@satrex.jp";
    LicenseType = "paddle_lifetime";
    Licenses = 1;
    Name = "SATOSHI SUZUKI";
    OrderID = d803f431a43d20521b60329116aba2ab;
    Product = BetterTouchTool;
    Signature = <5cd5b7e4 c385f0d0 dc430883 6278ebfa 1a1c8adb ca54c579 d4f911bb c71b1e0b 1d114528 c1177201 61ffaa4e e294087a c24aa4aa cb0068d1 8eead80c 9d123b5c 2ec35515 5f18c5c3 14127b4b f1e306d5 8b67949a dca42621 61c6bd2c 3856dde6 24344b68 3709bf8a c85eb82c 84530a83 1f05c269 bc2c84ad a0afd86a 4b1b2ea5>;
    Timestamp = 1525066439;
    TransactionID = "16973469-chre33d9df9a9eb-5561352b58";
}|
1583544079.629309|LIC|systemdate 2018-04-30 05:33:59 +0000|
1583544079.629336|LIC|using date 1525066439|
1583544079.629392|lic|newest date 2018-04-30 05:33:59 +0000|
1583544079.629426|lic|lict 16973469-chre33d9df9a9eb-5561352b58|
1583544079.638970|lic|newest date 2018-04-30 05:33:59 +0000|
1583544079.639002|lic|lict 16973469-chre33d9df9a9eb-5561352b58|
1583544079.639549|LIC|License is valid for this version|
1583544079.663085|lic|newest date 2018-04-30 05:33:59 +0000|
1583544079.663121|lic|lict 16973469-chre33d9df9a9eb-5561352b58|
1583544079.748208|xw|is trusted|
1583544079.828964|short|call sharedInstance4|
1583544080.498451|TB|touchbar screen size {1085, 30}|
1583544080.505315|M|mt_stop10|
1583544081.957022|lic|newest date 2018-04-30 05:33:59 +0000|
1583544081.957056|lic|lict 16973469-chre33d9df9a9eb-5561352b58|
1583544081.961970|START|TB VISIBLE 1|
1583544081.962003|START|TB FORCED HIDDEN 0|
1583544081.979683|lic|newest date 2018-04-30 05:33:59 +0000|
1583544081.979712|lic|lict 16973469-chre33d9df9a9eb-5561352b58|
1583544081.984092|LAUNCH|DIDLaunch END frontmostApp: com.google.Chrome, touchpadMode 0, windowSnappingDisabled 0, singleFingerScrollingDisabled 0, mmScrollingUsed 0, tpScrollingUsed 0, tpPinchUsed 1, tpRotateUsed 1|
1583544082.553416|KEY|keyboard Error Domain=NSMachErrorDomain Code=-536870203 "(iokit/common) exclusive access and device already open" UserInfo={reportingLine=201, reportingMethod=-[DDHidDevice openWithOptions:], reportingFile=/Users/andi/Xcode/BetterTouchTool/BetterTouchTool/DDHidDevice.m, origin=(*mDeviceInterface)->open(mDeviceInterface, options)}|
1583544082.904465|KEY|keyboard Error Domain=NSMachErrorDomain Code=-536870203 "(iokit/common) exclusive access and device already open" UserInfo={reportingLine=201, reportingMethod=-[DDHidDevice openWithOptions:], reportingFile=/Users/andi/Xcode/BetterTouchTool/BetterTouchTool/DDHidDevice.m, origin=(*mDeviceInterface)->open(mDeviceInterface, options)}|
1583544083.194309|KEY|keyboard Error Domain=NSMachErrorDomain Code=-536870203 "(iokit/common) exclusive access and device already open" UserInfo={reportingLine=201, reportingMethod=-[DDHidDevice openWithOptions:], reportingFile=/Users/andi/Xcode/BetterTouchTool/BetterTouchTool/DDHidDevice.m, origin=(*mDeviceInterface)->open(mDeviceInterface, options)}|
1583544083.212217|script|init|
1583544083.212293|NAMED|jstest|
1583544083.227973|lic|newest date 2018-04-30 05:33:59 +0000|
1583544083.227995|lic|lict 16973469-chre33d9df9a9eb-5561352b58|
1583544083.230494|SLEEP|FORCESHOWAFTERSLEEP2|
1583544083.244793|TB|Force show Touch Bar|
1583544083.245894|M|register touchbar mbp trackpad|
1583544083.246146|STDEV|68|
1583544084.178779|M|mt_stop2|
1583544084.179315|TB|PresentationMode functionKeys {
    app = functionKeys;
    appWithControlStrip = functionKeys;
    fullControlStrip = app;
    functionKeys = fullControlStrip;
}|
1583544084.179414|short|eventtap success|
1583544084.381699|ASL|Bonjour Service Published: domain(local.) type(_bttremote._tcp.) name(Joan) port(62518)|
1583544084.428029|short|eventtap success|
1583544084.510875|M|unregister magic trackpad 2|
1583544084.511220|SLEEP|FORCESHOWAFTERSLEEP3A|
1583544084.515968|M|register touchbar mbp trackpad|
1583544084.516194|STDEV|68|
1583544084.528822|TB|Force show Touch Bar|
1583544084.539037|xw|mouseclick lost, sending left mouse up event|
1583544084.608645|ASL|reenabled|
1583544087.278710|lic|newest date 2018-04-30 05:33:59 +0000|
1583544087.278735|lic|lict 16973469-chre33d9df9a9eb-5561352b58|
1583544256.525204|xw|disable|
1583544256.525506|xw|disable & dismiss touch bar|
1583544256.531106|xw|adapting icon state global 1 perApp 0 clip 0|
1583544257.638271|xw|enable|
1583544257.673447|xw|adapting icon state global 0 perApp 0 clip 0|
1583544389.902648|WISNA|Focus doesn't match window pid|
1583544391.875882|TB|PresentationMode functionKeys {
    app = functionKeys;
    appWithControlStrip = functionKeys;
    fullControlStrip = app;
    functionKeys = fullControlStrip;
}|
1583544681.971151|lic|newest date 2018-04-30 05:33:59 +0000|
1583544681.971186|lic|lict 16973469-chre33d9df9a9eb-5561352b58|
1583546008.168771|xw|disable|
1583546008.169047|xw|disable & dismiss touch bar|
1583546008.173265|xw|adapting icon state global 1 perApp 0 clip 0|
1583546008.509765|xw|enable|
1583546008.549041|xw|adapting icon state global 0 perApp 0 clip 0|
1583546016.315333|xw|disable|
1583546016.315818|xw|disable & dismiss touch bar|
1583546016.318945|xw|adapting icon state global 1 perApp 0 clip 0|
1583546016.740108|xw|enable|
1583546016.765689|xw|adapting icon state global 0 perApp 0 clip 0|
1583546022.031100|xw|disable|
1583546022.032231|xw|disable & dismiss touch bar|
1583546022.039815|xw|adapting icon state global 1 perApp 0 clip 0|
1583546022.357477|xw|enable|
1583546022.389461|xw|adapting icon state global 0 perApp 0 clip 0|
1583546026.215981|TB|PresentationMode functionKeys {
    app = functionKeys;
    appWithControlStrip = functionKeys;
    fullControlStrip = app;
    functionKeys = fullControlStrip;
}|
1583547443.163460|TB|Force show Touch Bar|
1583548814.399904|SEC|SecureInputActive com.apple.loginwindow 127|
1583548831.680090|SEC|SecureInputDisabled com.apple.loginwindow|
1583548831.688729|SWI|PID MISMATCH FIX|
1583548831.721404|TB|Force show Touch Bar|
1583548833.475497|WISNA|Focus doesn't match window pid|
1583548833.595375|WISNA|Focus doesn't match window pid|
1583548835.080909|WISNA|Focus doesn't match window pid|
1583548836.040252|WISNA|Focus doesn't match window pid|
1583548836.152312|WISNA|Focus doesn't match window pid|
1583549321.574598|TB|PresentationMode functionKeys {
    app = functionKeys;
    appWithControlStrip = functionKeys;
    fullControlStrip = app;
    functionKeys = fullControlStrip;
}|
1583549370.699963|xw|apple script contains error and crashes BTT|
1583549370.744805|xw|interrupt reply|
1583550446.230693|SLEEP|WILLSLEEP|
1583550450.172675|SWI|PID MISMATCH FIX|
1583550451.680443|SWI|PID MISMATCH FIX|
1583550453.673502|SWI|PID MISMATCH FIX|
1583550456.175573|SWI|PID MISMATCH FIX|
1583550458.174227|SWI|PID MISMATCH FIX|
1583550460.181328|SWI|PID MISMATCH FIX|
1583550462.175915|SWI|PID MISMATCH FIX|
1583550463.673982|SWI|PID MISMATCH FIX|
1583550465.695764|SWI|PID MISMATCH FIX|
1583582798.003339|SWI|PID MISMATCH FIX|
1583582800.215797|WAKE|DIDWAKE|
1583582800.337245|SEC|SecureInputActive com.apple.loginwindow 127|
1583582800.345615|WAKE|DIDWAKE2|
1583582800.348084|WAKE|NO RESTART|
1583582800.348110|WAKE|EVENTHANDLER RESET|
1583582800.525849|M|mt_stop2|
1583582800.568399|lic|newest date 2018-04-30 05:33:59 +0000|
1583582800.568425|lic|lict 16973469-chre33d9df9a9eb-5561352b58|
1583582800.597021|M|unregister magic trackpad 2|
1583582800.599603|M|register touchbar mbp trackpad|
1583582800.599923|STDEV|68|
1583582800.620047|TB|Force show Touch Bar|
1583582811.167499|lic|newest date 2018-04-30 05:33:59 +0000|
1583582811.167524|lic|lict 16973469-chre33d9df9a9eb-5561352b58|
1583582811.168137|c00|4|
1583582815.679466|LOGIN|SHOULD RESTART AFTER APP CHANGE|
1583582815.704624|TB|Force show Touch Bar|
1583582815.732542|SEC|SecureInputDisabled com.apple.loginwindow|
1583582820.850390|WISNA|Focus doesn't match window pid|
1583582820.957603|WISNA|Focus doesn't match window pid|
1583582907.164239|xw|disable|
1583582907.165239|xw|disable & dismiss touch bar|
1583582907.179408|xw|adapting icon state global 1 perApp 0 clip 0|
1583582908.370608|xw|enable|
1583582908.403827|xw|adapting icon state global 0 perApp 0 clip 0|
1583582910.139981|xw|disable|
1583582910.141105|xw|disable & dismiss touch bar|
1583582910.146438|xw|adapting icon state global 1 perApp 0 clip 0|
1583582910.639084|xw|enable|
1583582910.669905|xw|adapting icon state global 0 perApp 0 clip 0|
1583582949.899566|xw|disable|
1583582949.900280|xw|disable & dismiss touch bar|
1583582949.906978|xw|adapting icon state global 1 perApp 0 clip 0|
1583582950.181998|xw|enable|
1583582950.212552|xw|adapting icon state global 0 perApp 0 clip 0|
1583584045.165326|c00|5|
1583585450.382174|c00|5|
1583589419.736689|TB|Force show Touch Bar|
1583590056.825707|SLEEP|WILLSLEEP|
1583590077.396803|SWI|PID MISMATCH FIX|
1583590079.932449|SWI|PID MISMATCH FIX|
1583591219.004716|SWI|PID MISMATCH FIX|
1583591222.322104|WAKE|DIDWAKE|
1583591222.485096|WAKE|DIDWAKE2|
1583591222.485467|WAKE|NO RESTART|
1583591222.485482|WAKE|EVENTHANDLER RESET|
1583591222.500908|M|mt_stop2|
1583591222.616365|lic|newest date 2018-04-30 05:33:59 +0000|
1583591222.616391|lic|lict 16973469-chre33d9df9a9eb-5561352b58|
1583591222.730872|lic|newest date 2018-04-30 05:33:59 +0000|
1583591222.730897|lic|lict 16973469-chre33d9df9a9eb-5561352b58|
1583591222.798468|M|unregister magic trackpad 2|
1583591222.800218|M|register touchbar mbp trackpad|
1583591222.800411|STDEV|68|
1583591222.824807|TB|Force show Touch Bar|
1583591222.991668|SEC|SecureInputActive com.apple.loginwindow 127|
1583591925.536237|SEC|SecureInputDisabled com.apple.loginwindow|
1583591929.042102|SEC|SecureInputActive com.apple.loginwindow 127|
1583592009.538128|SEC|SecureInputDisabled com.apple.loginwindow|
1583592013.035400|SEC|SecureInputActive com.apple.loginwindow 127|
1583592351.879921|c00|5|
1583592556.181839|SLEEP|WILLSLEEP|
1583592684.761296|WAKE|DIDWAKE|
1583592685.033309|WAKE|DIDWAKE2|
1583592685.033550|WAKE|NO RESTART|
1583592685.033569|WAKE|EVENTHANDLER RESET|
1583592685.057581|M|mt_stop2|
1583592685.094539|lic|newest date 2018-04-30 05:33:59 +0000|
1583592685.094564|lic|lict 16973469-chre33d9df9a9eb-5561352b58|
1583592685.149095|lic|newest date 2018-04-30 05:33:59 +0000|
1583592685.149499|lic|lict 16973469-chre33d9df9a9eb-5561352b58|
1583592685.173173|TB|Force show Touch Bar|
1583592685.209579|M|unregister magic trackpad 2|
1583592685.211784|M|register touchbar mbp trackpad|
1583592685.212036|STDEV|68|
1583592688.644024|SLEEP|WILLSLEEP|
1583616137.183368|usage|loading todays usage|
1583616138.972902|WAKE|DIDWAKE|
1583616139.094804|WAKE|DIDWAKE2|
1583616139.095317|WAKE|NO RESTART|
1583616139.095333|WAKE|EVENTHANDLER RESET|
1583616139.253062|M|mt_stop2|
1583616139.309233|lic|newest date 2018-04-30 05:33:59 +0000|
1583616139.309257|lic|lict 16973469-chre33d9df9a9eb-5561352b58|
1583616139.328440|TB|Force show Touch Bar|
1583616139.378745|M|unregister magic trackpad 2|
1583616139.380514|M|register touchbar mbp trackpad|
1583616139.380702|STDEV|68|
1583616145.025680|LOGIN|SHOULD RESTART AFTER APP CHANGE|
1583616145.042585|TB|Force show Touch Bar|
1583616145.096426|SEC|SecureInputDisabled com.apple.loginwindow|
1583616149.946732|WISNA|Focus doesn't match window pid|
1583616151.606697|WISNA|Focus doesn't match window pid|
1583616152.120121|lic|newest date 2018-04-30 05:33:59 +0000|
1583616152.120145|lic|lict 16973469-chre33d9df9a9eb-5561352b58|
1583616741.543838|xw|mouseclick lost, sending left mouse up event|
1583617061.169251|lic|newest date 2018-04-30 05:33:59 +0000|
1583617061.169286|lic|lict 16973469-chre33d9df9a9eb-5561352b58|
1583618364.126067|SLEEP|WILLSLEEP|
1583618367.519301|SWI|PID MISMATCH FIX|
1583618368.861439|SWI|PID MISMATCH FIX|
1583618371.578464|SWI|PID MISMATCH FIX|
1583618372.986979|SWI|PID MISMATCH FIX|
1583618375.087382|SWI|PID MISMATCH FIX|
1583618377.559504|SWI|PID MISMATCH FIX|
1583618379.578120|SWI|PID MISMATCH FIX|
1583618381.519104|SWI|PID MISMATCH FIX|
1583618383.578813|SWI|PID MISMATCH FIX|
1583622434.003827|SWI|PID MISMATCH FIX|
1583622434.959408|SWI|PID MISMATCH FIX|
1583622435.902724|WAKE|DIDWAKE|
1583622436.297639|SEC|SecureInputActive com.apple.loginwindow 127|
1583622436.404848|WAKE|DIDWAKE2|
1583622436.406345|WAKE|NO RESTART|
1583622436.406372|WAKE|EVENTHANDLER RESET|
1583622437.062376|M|mt_stop2|
1583622437.115411|lic|newest date 2018-04-30 05:33:59 +0000|
1583622437.115442|lic|lict 16973469-chre33d9df9a9eb-5561352b58|
1583622437.256906|M|unregister magic trackpad 2|
1583622437.274289|M|register touchbar mbp trackpad|
1583622437.275703|STDEV|68|
1583622437.357882|TB|Force show Touch Bar|
1583622567.538921|LOGIN|SHOULD RESTART AFTER APP CHANGE|
1583622567.581806|TB|Force show Touch Bar|
1583622567.692953|SEC|SecureInputDisabled com.apple.loginwindow|
1583622764.952436|c00|5|
